2013-12-28 11:19:02.936+0000 INFO  [o.n.k.i.DiagnosticsManager]: --- INITIALIZED diagnostics START ---
2013-12-28 11:19:02.990+0000 INFO  [o.n.k.i.DiagnosticsManager]: Neo4j Kernel properties:
2013-12-28 11:19:03.008+0000 INFO  [o.n.k.i.DiagnosticsManager]: neostore.propertystore.db.mapped_memory=399M
2013-12-28 11:19:03.008+0000 INFO  [o.n.k.i.DiagnosticsManager]: neostore.nodestore.db.mapped_memory=110M
2013-12-28 11:19:03.008+0000 INFO  [o.n.k.i.DiagnosticsManager]: neostore.relationshipstore.db.mapped_memory=489M
2013-12-28 11:19:03.008+0000 INFO  [o.n.k.i.DiagnosticsManager]: neostore.propertystore.db.strings.mapped_memory=339M
2013-12-28 11:19:03.008+0000 INFO  [o.n.k.i.DiagnosticsManager]: store_dir=Databases/BTCx-Databse
2013-12-28 11:19:03.008+0000 INFO  [o.n.k.i.DiagnosticsManager]: neostore.propertystore.db.arrays.mapped_memory=385M
2013-12-28 11:19:03.008+0000 INFO  [o.n.k.i.DiagnosticsManager]: ephemeral=false
2013-12-28 11:19:03.009+0000 INFO  [o.n.k.i.DiagnosticsManager]: Diagnostics providers:
2013-12-28 11:19:03.009+0000 INFO  [o.n.k.i.DiagnosticsManager]: org.neo4j.kernel.configuration.Config
2013-12-28 11:19:03.009+0000 INFO  [o.n.k.i.DiagnosticsManager]: org.neo4j.kernel.info.DiagnosticsManager
2013-12-28 11:19:03.009+0000 INFO  [o.n.k.i.DiagnosticsManager]: SYSTEM_MEMORY
2013-12-28 11:19:03.009+0000 INFO  [o.n.k.i.DiagnosticsManager]: JAVA_MEMORY
2013-12-28 11:19:03.010+0000 INFO  [o.n.k.i.DiagnosticsManager]: OPERATING_SYSTEM
2013-12-28 11:19:03.010+0000 INFO  [o.n.k.i.DiagnosticsManager]: JAVA_VIRTUAL_MACHINE
2013-12-28 11:19:03.010+0000 INFO  [o.n.k.i.DiagnosticsManager]: CLASSPATH
2013-12-28 11:19:03.010+0000 INFO  [o.n.k.i.DiagnosticsManager]: LIBRARY_PATH
2013-12-28 11:19:03.010+0000 INFO  [o.n.k.i.DiagnosticsManager]: SYSTEM_PROPERTIES
2013-12-28 11:19:03.010+0000 INFO  [o.n.k.i.DiagnosticsManager]: NETWORK
2013-12-28 11:19:03.010+0000 INFO  [o.n.k.i.DiagnosticsManager]: System memory information:
2013-12-28 11:19:03.033+0000 INFO  [o.n.k.i.DiagnosticsManager]: Total Physical memory: 4.00 GB
2013-12-28 11:19:03.034+0000 INFO  [o.n.k.i.DiagnosticsManager]: Free Physical memory: 9.67 MB
2013-12-28 11:19:03.035+0000 INFO  [o.n.k.i.DiagnosticsManager]: Committed virtual memory: 2.80 GB
2013-12-28 11:19:03.035+0000 INFO  [o.n.k.i.DiagnosticsManager]: Total swap space: 1.00 GB
2013-12-28 11:19:03.036+0000 INFO  [o.n.k.i.DiagnosticsManager]: Free swap space: 1021.25 MB
2013-12-28 11:19:03.037+0000 INFO  [o.n.k.i.DiagnosticsManager]: JVM memory information:
2013-12-28 11:19:03.037+0000 INFO  [o.n.k.i.DiagnosticsManager]: Free  memory: 1.66 MB
2013-12-28 11:19:03.037+0000 INFO  [o.n.k.i.DiagnosticsManager]: Total memory: 16.25 MB
2013-12-28 11:19:03.037+0000 INFO  [o.n.k.i.DiagnosticsManager]: Max   memory: 259.13 MB
2013-12-28 11:19:03.120+0000 INFO  [o.n.k.i.DiagnosticsManager]: Garbage Collector: Copy: [Eden Space, Survivor Space]
2013-12-28 11:19:03.120+0000 INFO  [o.n.k.i.DiagnosticsManager]: Garbage Collector: MarkSweepCompact: [Eden Space, Survivor Space, Tenured Gen, Perm Gen]
2013-12-28 11:19:03.123+0000 INFO  [o.n.k.i.DiagnosticsManager]: Memory Pool: Code Cache (Non-heap memory): committed=2.44 MB, used=1.46 MB, max=48.00 MB, threshold=0.00 B
2013-12-28 11:19:03.124+0000 INFO  [o.n.k.i.DiagnosticsManager]: Memory Pool: Eden Space (Heap memory): committed=4.56 MB, used=4.01 MB, max=71.56 MB, threshold=?
2013-12-28 11:19:03.125+0000 INFO  [o.n.k.i.DiagnosticsManager]: Memory Pool: Survivor Space (Heap memory): committed=512.00 kB, used=355.17 kB, max=8.88 MB, threshold=?
2013-12-28 11:19:03.125+0000 INFO  [o.n.k.i.DiagnosticsManager]: Memory Pool: Tenured Gen (Heap memory): committed=11.19 MB, used=10.32 MB, max=178.69 MB, threshold=0.00 B
2013-12-28 11:19:03.126+0000 INFO  [o.n.k.i.DiagnosticsManager]: Memory Pool: Perm Gen (Non-heap memory): committed=21.69 MB, used=21.57 MB, max=82.00 MB, threshold=0.00 B
2013-12-28 11:19:03.126+0000 INFO  [o.n.k.i.DiagnosticsManager]: Operating system information:
2013-12-28 11:19:03.128+0000 INFO  [o.n.k.i.DiagnosticsManager]: Operating System: Mac OS X; version: 10.9; arch: x86_64; cpus: 4
2013-12-28 11:19:03.128+0000 INFO  [o.n.k.i.DiagnosticsManager]: Max number of file descriptors: 10240
2013-12-28 11:19:03.129+0000 INFO  [o.n.k.i.DiagnosticsManager]: Number of open file descriptors: 164
2013-12-28 11:19:03.129+0000 INFO  [o.n.k.i.DiagnosticsManager]: Process id: 14180@DMMPro.local
2013-12-28 11:19:03.130+0000 INFO  [o.n.k.i.DiagnosticsManager]: Byte order: LITTLE_ENDIAN
2013-12-28 11:19:03.130+0000 INFO  [o.n.k.i.DiagnosticsManager]: Local timezone: Europe/Berlin
2013-12-28 11:19:03.130+0000 INFO  [o.n.k.i.DiagnosticsManager]: JVM information:
2013-12-28 11:19:03.130+0000 INFO  [o.n.k.i.DiagnosticsManager]: VM Name: Java HotSpot(TM) 64-Bit Server VM
2013-12-28 11:19:03.130+0000 INFO  [o.n.k.i.DiagnosticsManager]: VM Vendor: Oracle Corporation
2013-12-28 11:19:03.130+0000 INFO  [o.n.k.i.DiagnosticsManager]: VM Version: 23.3-b01
2013-12-28 11:19:03.131+0000 INFO  [o.n.k.i.DiagnosticsManager]: JIT compiler: HotSpot 64-Bit Tiered Compilers
2013-12-28 11:19:03.132+0000 INFO  [o.n.k.i.DiagnosticsManager]: VM Arguments: [-javaagent:/Users/David/Workspaces/Git Workspace/btcX/play-1.2.7/framework/play-1.2.7.jar, -XX:-UseSplitVerifier, -Dfile.encoding=utf-8, -XX:CompileCommand=exclude,jregex/Pretokenizer,next, -Xdebug, -Xrunjdwp:transport=dt_socket,address=8000,server=y,suspend=n, -Dplay.debug=yes, -Dapplication.path=/Users/David/Workspaces/Git Workspace/btcX/BTCx, -Dplay.id=]
2013-12-28 11:19:03.132+0000 INFO  [o.n.k.i.DiagnosticsManager]: Java classpath:
2013-12-28 11:19:03.165+0000 INFO  [o.n.k.i.DiagnosticsManager]:  [classpath] /Users/David/Workspaces/Git Workspace/btcX/play-1.2.7/framework/lib/jj-simplecaptcha.jar
2013-12-28 11:19:03.166+0000 INFO  [o.n.k.i.DiagnosticsManager]:  [classpath] /Users/David/Workspaces/Git Workspace/btcX/play-1.2.7/framework/lib/bcprov-jdk15-1.45.jar
2013-12-28 11:19:03.166+0000 INFO  [o.n.k.i.DiagnosticsManager]:  [loader.0] file:/Users/David/Workspaces/Git%20Workspace/btcX/play-1.2.7/framework/lib/commons-logging-1.1.1.jar
2013-12-28 11:19:03.166+0000 INFO  [o.n.k.i.DiagnosticsManager]:  [loader.0] file:/Users/David/Workspaces/Git%20Workspace/btcX/BTCx/conf/
2013-12-28 11:19:03.166+0000 INFO  [o.n.k.i.DiagnosticsManager]:  [classpath] /Users/David/Workspaces/Git Workspace/btcX/BTCx/lib/neo4j_2.0/system/commons-beanutils-1.8.0.jar
2013-12-28 11:19:03.166+0000 INFO  [o.n.k.i.DiagnosticsManager]:  [loader.0] file:/Users/David/Workspaces/Git%20Workspace/btcX/play-1.2.7/framework/lib/async-http-client-1.7.8.jar
2013-12-28 11:19:03.166+0000 INFO  [o.n.k.i.DiagnosticsManager]:  [classpath] /Users/David/Workspaces/Git Workspace/btcX/BTCx/lib/neo4j_2.0/system/neo4j-server-2.0.0.jar
2013-12-28 11:19:03.166+0000 INFO  [o.n.k.i.DiagnosticsManager]:  [loader.0] file:/Users/David/Workspaces/Git%20Workspace/btcX/BTCx/lib/neo4j_2.0/system/commons-lang-2.4.jar
2013-12-28 11:19:03.166+0000 INFO  [o.n.k.i.DiagnosticsManager]:  [classpath] /Users/David/Workspaces/Git Workspace/btcX/BTCx/lib/neo4j_2.0/system/commons-collections-3.2.1.jar
2013-12-28 11:19:03.166+0000 INFO  [o.n.k.i.DiagnosticsManager]:  [classpath] /Users/David/Workspaces/Git Workspace/btcX/BTCx/conf
2013-12-28 11:19:03.166+0000 INFO  [o.n.k.i.DiagnosticsManager]:  [classpath] /Users/David/Workspaces/Git Workspace/btcX/BTCx/lib/neo4j_2.0/system/jetty-io-9.0.5.v20130815.jar
2013-12-28 11:19:03.166+0000 INFO  [o.n.k.i.DiagnosticsManager]:  [loader.0] file:/Users/David/Workspaces/Git%20Workspace/btcX/BTCx/lib/neo4j_2.0/system/rhino-1.7R3.jar
2013-12-28 11:19:03.166+0000 INFO  [o.n.k.i.DiagnosticsManager]:  [loader.0] file:/Users/David/Workspaces/Git%20Workspace/btcX/BTCx/lib/neo4j_2.0/system/jetty-webapp-9.0.5.v20130815.jar
2013-12-28 11:19:03.166+0000 INFO  [o.n.k.i.DiagnosticsManager]:  [classpath] /Users/David/Workspaces/Git Workspace/btcX/BTCx/lib/neo4j_2.0/scala-library-2.10.3.jar
2013-12-28 11:19:03.166+0000 INFO  [o.n.k.i.DiagnosticsManager]:  [classpath] /Users/David/Workspaces/Git Workspace/btcX/BTCx/lib/neo4j_2.0/system/neo4j-server-2.0.0-static-web.jar
2013-12-28 11:19:03.166+0000 INFO  [o.n.k.i.DiagnosticsManager]:  [classpath] /Users/David/Workspaces/Git Workspace/btcX/BTCx/lib/neo4j_2.0/system/javax.servlet-3.0.0.v201112011016.jar
2013-12-28 11:19:03.166+0000 INFO  [o.n.k.i.DiagnosticsManager]:  [classpath] /Users/David/Workspaces/Git Workspace/btcX/BTCx/lib/neo4j_2.0/system/jackson-mapper-asl-1.9.7.jar
2013-12-28 11:19:03.166+0000 INFO  [o.n.k.i.DiagnosticsManager]:  [loader.0] file:/Users/David/Workspaces/Git%20Workspace/btcX/play-1.2.7/framework/lib/geronimo-servlet_2.5_spec-1.2.jar
2013-12-28 11:19:03.166+0000 INFO  [o.n.k.i.DiagnosticsManager]:  [loader.0] file:/Users/David/Workspaces/Git%20Workspace/btcX/play-1.2.7/framework/lib/slf4j-api-1.6.1.jar
2013-12-28 11:19:03.166+0000 INFO  [o.n.k.i.DiagnosticsManager]:  [loader.0] file:/Users/David/Workspaces/Git%20Workspace/btcX/BTCx/lib/neo4j_2.0/system/jackson-core-asl-1.9.7.jar
2013-12-28 11:19:03.166+0000 INFO  [o.n.k.i.DiagnosticsManager]:  [classpath] /Users/David/Workspaces/Git Workspace/btcX/play-1.2.7/framework/lib/commons-codec-1.4.jar
2013-12-28 11:19:03.166+0000 INFO  [o.n.k.i.DiagnosticsManager]:  [classpath] /Users/David/Workspaces/Git Workspace/btcX/play-1.2.7/framework/lib/jaxen-1.1.jar
2013-12-28 11:19:03.169+0000 INFO  [o.n.k.i.DiagnosticsManager]:  [loader.0] file:/Users/David/Workspaces/Git%20Workspace/btcX/BTCx/lib/neo4j_2.0/neo4j-shell-2.0.0.jar
2013-12-28 11:19:03.169+0000 INFO  [o.n.k.i.DiagnosticsManager]:  [classpath] /Users/David/Workspaces/Git Workspace/btcX/BTCx/lib/jBcrypt_0.3/jbcrypt-0.3m.jar
2013-12-28 11:19:03.169+0000 INFO  [o.n.k.i.DiagnosticsManager]:  [classpath] /Users/David/Workspaces/Git Workspace/btcX/BTCx/lib/neo4j_2.0/system/logback-classic-1.0.9.jar
2013-12-28 11:19:03.169+0000 INFO  [o.n.k.i.DiagnosticsManager]:  [classpath] /Users/David/Workspaces/Git Workspace/btcX/play-1.2.7/framework/lib/commons-collections-3.1.jar
2013-12-28 11:19:03.169+0000 INFO  [o.n.k.i.DiagnosticsManager]:  [loader.0] file:/Users/David/Workspaces/Git%20Workspace/btcX/BTCx/lib/neo4j_2.0/concurrentlinkedhashmap-lru-1.3.1.jar
2013-12-28 11:19:03.169+0000 INFO  [o.n.k.i.DiagnosticsManager]:  [loader.0] file:/Users/David/Workspaces/Git%20Workspace/btcX/play-1.2.7/framework/lib/cglib-nodep-2.2.jar
2013-12-28 11:19:03.170+0000 INFO  [o.n.k.i.DiagnosticsManager]:  [bootstrap] /Library/Java/JavaVirtualMachines/jdk1.7.0_07.jdk/Contents/Home/jre/classes
2013-12-28 11:19:03.170+0000 INFO  [o.n.k.i.DiagnosticsManager]:  [loader.0] file:/Users/David/Workspaces/Git%20Workspace/btcX/BTCx/lib/neo4j_2.0/parboiled-scala_2.10-1.1.6.jar
2013-12-28 11:19:03.170+0000 INFO  [o.n.k.i.DiagnosticsManager]:  [classpath] /Users/David/Workspaces/Git Workspace/btcX/BTCx/lib/neo4j_2.0/system/jetty-webapp-9.0.5.v20130815.jar
2013-12-28 11:19:03.170+0000 INFO  [o.n.k.i.DiagnosticsManager]:  [loader.1] file:/System/Library/Java/Extensions/libQTJNative.jnilib
2013-12-28 11:19:03.170+0000 INFO  [o.n.k.i.DiagnosticsManager]:  [classpath] /Users/David/Workspaces/Git Workspace/btcX/BTCx/lib/neo4j_2.0/system/neo4j-browser-2.0.0.jar
2013-12-28 11:19:03.170+0000 INFO  [o.n.k.i.DiagnosticsManager]:  [loader.1] file:/usr/lib/java/libjdns_sd.jnilib
2013-12-28 11:19:03.170+0000 INFO  [o.n.k.i.DiagnosticsManager]:  [loader.0] file:/Users/David/Workspaces/Git%20Workspace/btcX/play-1.2.7/framework/lib/groovy-all-1.8.6.jar
2013-12-28 11:19:03.170+0000 INFO  [o.n.k.i.DiagnosticsManager]:  [bootstrap] /Library/Java/JavaVirtualMachines/jdk1.7.0_07.jdk/Contents/Home/jre/lib/charsets.jar
2013-12-28 11:19:03.170+0000 INFO  [o.n.k.i.DiagnosticsManager]:  [loader.0] file:/Users/David/Workspaces/Git%20Workspace/btcX/BTCx/lib/neo4j_2.0/system/commons-configuration-1.6.jar
2013-12-28 11:19:03.170+0000 INFO  [o.n.k.i.DiagnosticsManager]:  [loader.0] file:/Users/David/Workspaces/Git%20Workspace/btcX/play-1.2.7/framework/lib/hibernate-jpa-2.0-api-1.0.1.Final.jar
2013-12-28 11:19:03.170+0000 INFO  [o.n.k.i.DiagnosticsManager]:  [loader.0] file:/Users/David/Workspaces/Git%20Workspace/btcX/play-1.2.7/framework/lib/junit-4.10.jar
2013-12-28 11:19:03.170+0000 INFO  [o.n.k.i.DiagnosticsManager]:  [classpath] /Users/David/Workspaces/Git Workspace/btcX/BTCx/lib/neo4j_2.0/system/commons-configuration-1.6.jar
2013-12-28 11:19:03.170+0000 INFO  [o.n.k.i.DiagnosticsManager]:  [loader.0] file:/Users/David/Workspaces/Git%20Workspace/btcX/play-1.2.7/framework/lib/log4j-1.2.16.jar
2013-12-28 11:19:03.170+0000 INFO  [o.n.k.i.DiagnosticsManager]:  [loader.0] file:/Users/David/Workspaces/Git%20Workspace/btcX/play-1.2.7/framework/lib/bcprov-jdk15-1.45.jar
2013-12-28 11:19:03.170+0000 INFO  [o.n.k.i.DiagnosticsManager]:  [loader.0] file:/Users/David/Workspaces/Git%20Workspace/btcX/BTCx/lib/neo4j_2.0/org.apache.servicemix.bundles.jline-0.9.94_1.jar
2013-12-28 11:19:03.170+0000 INFO  [o.n.k.i.DiagnosticsManager]:  [classpath] /Users/David/Workspaces/Git Workspace/btcX/BTCx/lib/neo4j_2.0/parboiled-core-1.1.6.jar
2013-12-28 11:19:03.170+0000 INFO  [o.n.k.i.DiagnosticsManager]:  [loader.0] file:/Users/David/Workspaces/Git%20Workspace/btcX/BTCx/lib/neo4j_2.0/system/jersey-core-1.9.jar
2013-12-28 11:19:03.170+0000 INFO  [o.n.k.i.DiagnosticsManager]:  [classpath] /Users/David/Workspaces/Git Workspace/btcX/BTCx/lib/neo4j_2.0/system/commons-lang-2.4.jar
2013-12-28 11:19:03.170+0000 INFO  [o.n.k.i.DiagnosticsManager]:  [loader.0] file:/Users/David/Workspaces/Git%20Workspace/btcX/play-1.2.7/framework/lib/jamon-2.7.jar
2013-12-28 11:19:03.170+0000 INFO  [o.n.k.i.DiagnosticsManager]:  [classpath] /Users/David/Workspaces/Git Workspace/btcX/BTCx/lib/neo4j_2.0/concurrentlinkedhashmap-lru-1.3.1.jar
2013-12-28 11:19:03.170+0000 INFO  [o.n.k.i.DiagnosticsManager]:  [loader.0] file:/Users/David/Workspaces/Git%20Workspace/btcX/play-1.2.7/framework/lib/c3p0-0.9.1.2.jar
2013-12-28 11:19:03.170+0000 INFO  [o.n.k.i.DiagnosticsManager]:  [classpath] /Users/David/Workspaces/Git Workspace/btcX/play-1.2.7/framework/lib/gson-2.2.jar
2013-12-28 11:19:03.170+0000 INFO  [o.n.k.i.DiagnosticsManager]:  [loader.0] file:/Users/David/Workspaces/Git%20Workspace/btcX/BTCx/lib/neo4j_2.0/system/commons-io-1.4.jar
2013-12-28 11:19:03.170+0000 INFO  [o.n.k.i.DiagnosticsManager]:  [classpath] /Users/David/Workspaces/Git Workspace/btcX/play-1.2.7/framework/lib/postgresql-9.0.jar
2013-12-28 11:19:03.170+0000 INFO  [o.n.k.i.DiagnosticsManager]:  [classpath] /Users/David/Workspaces/Git Workspace/btcX/BTCx/lib/neo4j_2.0/system/rhino-1.7R3.jar
2013-12-28 11:19:03.171+0000 INFO  [o.n.k.i.DiagnosticsManager]:  [classpath] /Users/David/Workspaces/Git Workspace/btcX/BTCx/lib/neo4j_2.0/neo4j-udc-2.0.0.jar
2013-12-28 11:19:03.171+0000 INFO  [o.n.k.i.DiagnosticsManager]:  [loader.0] file:/Users/David/Workspaces/Git%20Workspace/btcX/play-1.2.7/framework/lib/hibernate-validator-4.1.0.Final.jar
2013-12-28 11:19:03.171+0000 INFO  [o.n.k.i.DiagnosticsManager]:  [classpath] /Users/David/Workspaces/Git Workspace/btcX/BTCx/lib/neo4j_2.0/neo4j-lucene-index-2.0.0.jar
2013-12-28 11:19:03.171+0000 INFO  [o.n.k.i.DiagnosticsManager]:  [classpath] /Users/David/Workspaces/Git Workspace/btcX/play-1.2.7/framework/lib/slf4j-log4j12-1.6.1.jar
2013-12-28 11:19:03.171+0000 INFO  [o.n.k.i.DiagnosticsManager]:  [loader.1] file:/System/Library/Java/Extensions/AppleScriptEngine.jar
2013-12-28 11:19:03.171+0000 INFO  [o.n.k.i.DiagnosticsManager]:  [classpath] /Users/David/Workspaces/Git Workspace/btcX/BTCx/lib/neo4j_2.0/system/jackson-jaxrs-1.9.7.jar
2013-12-28 11:19:03.171+0000 INFO  [o.n.k.i.DiagnosticsManager]:  [loader.0] file:/Users/David/Workspaces/Git%20Workspace/btcX/play-1.2.7/framework/lib/commons-codec-1.4.jar
2013-12-28 11:19:03.171+0000 INFO  [o.n.k.i.DiagnosticsManager]:  [loader.0] file:/Users/David/Workspaces/Git%20Workspace/btcX/BTCx/lib/jBcrypt_0.3/jbcrypt-0.3m.jar
2013-12-28 11:19:03.171+0000 INFO  [o.n.k.i.DiagnosticsManager]:  [loader.0] file:/Users/David/Workspaces/Git%20Workspace/btcX/play-1.2.7/framework/lib/commons-email-1.2.jar
2013-12-28 11:19:03.171+0000 INFO  [o.n.k.i.DiagnosticsManager]:  [classpath] /Users/David/Workspaces/Git Workspace/btcX/play-1.2.7/framework/lib/ivy-2.2.0.jar
2013-12-28 11:19:03.171+0000 INFO  [o.n.k.i.DiagnosticsManager]:  [loader.0] file:/Users/David/Workspaces/Git%20Workspace/btcX/BTCx/lib/apache_commons_validator_1.4/commons-validator-1.4.0-sources.jar
2013-12-28 11:19:03.171+0000 INFO  [o.n.k.i.DiagnosticsManager]:  [loader.0] file:/Users/David/Workspaces/Git%20Workspace/btcX/BTCx/lib/neo4j_2.0/system/neo4j-server-2.0.0.jar
2013-12-28 11:19:03.171+0000 INFO  [o.n.k.i.DiagnosticsManager]:  [loader.1] file:/System/Library/Java/Extensions/MRJToolkit.jar
2013-12-28 11:19:03.171+0000 INFO  [o.n.k.i.DiagnosticsManager]:  [loader.0] file:/Users/David/Workspaces/Git%20Workspace/btcX/play-1.2.7/framework/lib/javassist-3.9.0.GA.jar
2013-12-28 11:19:03.171+0000 INFO  [o.n.k.i.DiagnosticsManager]:  [loader.0] file:/Users/David/Workspaces/Git%20Workspace/btcX/play-1.2.7/framework/lib/hibernate-core-3.6.10.Final.jar
2013-12-28 11:19:03.171+0000 INFO  [o.n.k.i.DiagnosticsManager]:  [loader.0] file:/Users/David/Workspaces/Git%20Workspace/btcX/play-1.2.7/framework/lib/h2-1.3.166.jar
2013-12-28 11:19:03.171+0000 INFO  [o.n.k.i.DiagnosticsManager]:  [loader.1] file:/System/Library/Java/Extensions/libmlib_jai.jnilib
2013-12-28 11:19:03.171+0000 INFO  [o.n.k.i.DiagnosticsManager]:  [loader.1] file:/Library/Java/JavaVirtualMachines/jdk1.7.0_07.jdk/Contents/Home/jre/lib/ext/sunjce_provider.jar
2013-12-28 11:19:03.171+0000 INFO  [o.n.k.i.DiagnosticsManager]:  [loader.0] file:/Users/David/Workspaces/Git%20Workspace/btcX/BTCx/lib/neo4j_2.0/system/logback-access-1.0.9.jar
2013-12-28 11:19:03.171+0000 INFO  [o.n.k.i.DiagnosticsManager]:  [classpath] /Users/David/Workspaces/Git Workspace/btcX/play-1.2.7/framework/lib/jamon-2.7.jar
2013-12-28 11:19:03.171+0000 INFO  [o.n.k.i.DiagnosticsManager]:  [classpath] /Users/David/Workspaces/Git Workspace/btcX/play-1.2.7/framework/lib/joda-time-2.1.jar
2013-12-28 11:19:03.172+0000 INFO  [o.n.k.i.DiagnosticsManager]:  [loader.0] file:/Users/David/Workspaces/Git%20Workspace/btcX/BTCx/lib/neo4j_2.0/system/commons-collections-3.2.1.jar
2013-12-28 11:19:03.172+0000 INFO  [o.n.k.i.DiagnosticsManager]:  [classpath] /Users/David/Workspaces/Git Workspace/btcX/play-1.2.7/framework/lib/hibernate-core-3.6.10.Final.jar
2013-12-28 11:19:03.172+0000 INFO  [o.n.k.i.DiagnosticsManager]:  [classpath] /Users/David/Workspaces/Git Workspace/btcX/play-1.2.7/framework/lib/jj-textile.jar
2013-12-28 11:19:03.172+0000 INFO  [o.n.k.i.DiagnosticsManager]:  [loader.0] file:/Users/David/Workspaces/Git%20Workspace/btcX/play-1.2.7/framework/lib/javax.inject-1.0.jar
2013-12-28 11:19:03.172+0000 INFO  [o.n.k.i.DiagnosticsManager]:  [loader.0] file:/Users/David/Workspaces/Git%20Workspace/btcX/BTCx/lib/neo4j_2.0/system/commons-logging-1.1.1.jar
2013-12-28 11:19:03.172+0000 INFO  [o.n.k.i.DiagnosticsManager]:  [loader.1] file:/Library/Java/JavaVirtualMachines/jdk1.7.0_07.jdk/Contents/Home/jre/lib/ext/sunpkcs11.jar
2013-12-28 11:19:03.172+0000 INFO  [o.n.k.i.DiagnosticsManager]:  [classpath] /Users/David/Workspaces/Git Workspace/btcX/BTCx/lib/neo4j_2.0/server-api-2.0.0.jar
2013-12-28 11:19:03.172+0000 INFO  [o.n.k.i.DiagnosticsManager]:  [classpath] /Users/David/Workspaces/Git Workspace/btcX/play-1.2.7/framework/lib/jregex-1.2_01.jar
2013-12-28 11:19:03.172+0000 INFO  [o.n.k.i.DiagnosticsManager]:  [classpath] /Users/David/Workspaces/Git Workspace/btcX/BTCx/lib/apache_commons_validator_1.4/commons-validator-1.4.0-sources.jar
2013-12-28 11:19:03.172+0000 INFO  [o.n.k.i.DiagnosticsManager]:  [loader.1] file:/System/Library/Java/Extensions/libAppleScriptEngine.jnilib
2013-12-28 11:19:03.172+0000 INFO  [o.n.k.i.DiagnosticsManager]:  [classpath] /Users/David/Workspaces/Git Workspace/btcX/BTCx/lib/neo4j_2.0/neo4j-kernel-2.0.0.jar
2013-12-28 11:19:03.172+0000 INFO  [o.n.k.i.DiagnosticsManager]:  [classpath] /Users/David/Workspaces/Git Workspace/btcX/BTCx/lib/neo4j_2.0/system/jackson-core-asl-1.9.7.jar
2013-12-28 11:19:03.172+0000 INFO  [o.n.k.i.DiagnosticsManager]:  [loader.0] file:/Users/David/Workspaces/Git%20Workspace/btcX/BTCx/lib/apache_commons_validator_1.4/commons-validator-1.4.0.jar
2013-12-28 11:19:03.172+0000 INFO  [o.n.k.i.DiagnosticsManager]:  [loader.1] file:/System/Library/Java/Extensions/libJ3DUtils.jnilib
2013-12-28 11:19:03.172+0000 INFO  [o.n.k.i.DiagnosticsManager]:  [classpath] /Users/David/Workspaces/Git Workspace/btcX/play-1.2.7/framework/lib/commons-email-1.2.jar
2013-12-28 11:19:03.172+0000 INFO  [o.n.k.i.DiagnosticsManager]:  [classpath] /Users/David/Workspaces/Git Workspace/btcX/play-1.2.7/framework/lib/antlr-2.7.7.jar
2013-12-28 11:19:03.172+0000 INFO  [o.n.k.i.DiagnosticsManager]:  [classpath] /Users/David/Workspaces/Git Workspace/btcX/BTCx/lib/neo4j_2.0/system/jetty-server-9.0.5.v20130815.jar
2013-12-28 11:19:03.172+0000 INFO  [o.n.k.i.DiagnosticsManager]:  [loader.0] file:/Users/David/Workspaces/Git%20Workspace/btcX/play-1.2.7/framework/lib/ezmorph-1.0.3.jar
2013-12-28 11:19:03.172+0000 INFO  [o.n.k.i.DiagnosticsManager]:  [bootstrap] /Library/Java/JavaVirtualMachines/jdk1.7.0_07.jdk/Contents/Home/jre/lib/JObjC.jar
2013-12-28 11:19:03.172+0000 INFO  [o.n.k.i.DiagnosticsManager]:  [loader.0] file:/Users/David/Workspaces/Git%20Workspace/btcX/BTCx/lib/neo4j_2.0/system/jsr311-api-1.1.2.r612.jar
2013-12-28 11:19:03.172+0000 INFO  [o.n.k.i.DiagnosticsManager]:  [loader.0] file:/Users/David/Workspaces/Git%20Workspace/btcX/play-1.2.7/framework/lib/jj-wikitext.jar
2013-12-28 11:19:03.172+0000 INFO  [o.n.k.i.DiagnosticsManager]:  [classpath] /Users/David/Workspaces/Git Workspace/btcX/play-1.2.7/framework/lib/activation-1.1.1.jar
2013-12-28 11:19:03.172+0000 INFO  [o.n.k.i.DiagnosticsManager]:  [classpath] /Users/David/Workspaces/Git Workspace/btcX/BTCx/lib/neo4j_2.0/system/mimepull-1.6.jar
2013-12-28 11:19:03.172+0000 INFO  [o.n.k.i.DiagnosticsManager]:  [loader.0] file:/Users/David/Workspaces/Git%20Workspace/btcX/BTCx/lib/neo4j_2.0/parboiled-core-1.1.6.jar
2013-12-28 11:19:03.172+0000 INFO  [o.n.k.i.DiagnosticsManager]:  [bootstrap] /Library/Java/JavaVirtualMachines/jdk1.7.0_07.jdk/Contents/Home/jre/lib/rt.jar
2013-12-28 11:19:03.172+0000 INFO  [o.n.k.i.DiagnosticsManager]:  [classpath] /Users/David/Workspaces/Git Workspace/btcX/play-1.2.7/framework/lib/ezmorph-1.0.3.jar
2013-12-28 11:19:03.173+0000 INFO  [o.n.k.i.DiagnosticsManager]:  [classpath] /Users/David/Workspaces/Git Workspace/btcX/BTCx/lib/neo4j_2.0/system/jersey-multipart-1.9.jar
2013-12-28 11:19:03.173+0000 INFO  [o.n.k.i.DiagnosticsManager]:  [classpath] /Users/David/Workspaces/Git Workspace/btcX/play-1.2.7/framework/lib/validation-api-1.0.0.GA.jar
2013-12-28 11:19:03.173+0000 INFO  [o.n.k.i.DiagnosticsManager]:  [loader.0] file:/Users/David/Workspaces/Git%20Workspace/btcX/play-1.2.7/framework/play-1.2.7.jar
2013-12-28 11:19:03.173+0000 INFO  [o.n.k.i.DiagnosticsManager]:  [bootstrap] /Library/Java/JavaVirtualMachines/jdk1.7.0_07.jdk/Contents/Home/jre/lib/sunrsasign.jar
2013-12-28 11:19:03.173+0000 INFO  [o.n.k.i.DiagnosticsManager]:  [classpath] /Users/David/Workspaces/Git Workspace/btcX/BTCx/lib/apache_commons_validator_1.4/commons-validator-1.4.0-javadoc.jar
2013-12-28 11:19:03.173+0000 INFO  [o.n.k.i.DiagnosticsManager]:  [loader.1] file:/System/Library/Java/Extensions/jai_codec.jar
2013-12-28 11:19:03.173+0000 INFO  [o.n.k.i.DiagnosticsManager]:  [loader.0] file:/Users/David/Workspaces/Git%20Workspace/btcX/play-1.2.7/framework/lib/snakeyaml-1.7.jar
2013-12-28 11:19:03.173+0000 INFO  [o.n.k.i.DiagnosticsManager]:  [loader.0] file:/Users/David/Workspaces/Git%20Workspace/btcX/play-1.2.7/framework/lib/org.eclipse.jdt.core-3.7.1.v_B76_R37x.jar
2013-12-28 11:19:03.173+0000 INFO  [o.n.k.i.DiagnosticsManager]:  [loader.0] file:/Users/David/Workspaces/Git%20Workspace/btcX/play-1.2.7/framework/lib/jsr107cache-1.0.jar
2013-12-28 11:19:03.173+0000 INFO  [o.n.k.i.DiagnosticsManager]:  [loader.0] file:/Users/David/Workspaces/Git%20Workspace/btcX/BTCx/lib/neo4j_2.0/system/janino-2.6.1.jar
2013-12-28 11:19:03.173+0000 INFO  [o.n.k.i.DiagnosticsManager]:  [loader.0] file:/Users/David/Workspaces/Git%20Workspace/btcX/play-1.2.7/framework/lib/commons-beanutils-1.8.3.jar
2013-12-28 11:19:03.173+0000 INFO  [o.n.k.i.DiagnosticsManager]:  [loader.0] file:/Users/David/Workspaces/Git%20Workspace/btcX/play-1.2.7/framework/lib/jaxb-impl-2.1.12.jar
2013-12-28 11:19:03.173+0000 INFO  [o.n.k.i.DiagnosticsManager]:  [loader.0] file:/Users/David/Workspaces/Git%20Workspace/btcX/BTCx/lib/neo4j_2.0/neo4j-cypher-2.0.0.jar
2013-12-28 11:19:03.173+0000 INFO  [o.n.k.i.DiagnosticsManager]:  [classpath] /Users/David/Workspaces/Git Workspace/btcX/BTCx/lib/neo4j_2.0/system/commons-io-1.4.jar
2013-12-28 11:19:03.173+0000 INFO  [o.n.k.i.DiagnosticsManager]:  [classpath] /Users/David/Workspaces/Git Workspace/btcX/play-1.2.7/framework/lib/jaxb-api-2.2.jar
2013-12-28 11:19:03.173+0000 INFO  [o.n.k.i.DiagnosticsManager]:  [classpath] /Users/David/Workspaces/Git Workspace/btcX/BTCx/lib/neo4j_2.0/system/jetty-http-9.0.5.v20130815.jar
2013-12-28 11:19:03.173+0000 INFO  [o.n.k.i.DiagnosticsManager]:  [classpath] /Users/David/Workspaces/Git Workspace/btcX/BTCx/lib/neo4j_2.0/system/jetty-xml-9.0.5.v20130815.jar
2013-12-28 11:19:03.173+0000 INFO  [o.n.k.i.DiagnosticsManager]:  [loader.1] file:/Library/Java/JavaVirtualMachines/jdk1.7.0_07.jdk/Contents/Home/jre/lib/ext/zipfs.jar
2013-12-28 11:19:03.173+0000 INFO  [o.n.k.i.DiagnosticsManager]:  [classpath] /Users/David/Workspaces/Git Workspace/btcX/BTCx/lib/neo4j_2.0/system/jetty-util-9.0.5.v20130815.jar
2013-12-28 11:19:03.173+0000 INFO  [o.n.k.i.DiagnosticsManager]:  [loader.0] file:/Users/David/Workspaces/Git%20Workspace/btcX/play-1.2.7/framework/lib/xstream-1.4.2.jar
2013-12-28 11:19:03.173+0000 INFO  [o.n.k.i.DiagnosticsManager]:  [loader.0] file:/Users/David/Workspaces/Git%20Workspace/btcX/play-1.2.7/framework/lib/commons-io-2.0.1.jar
2013-12-28 11:19:03.173+0000 INFO  [o.n.k.i.DiagnosticsManager]:  [bootstrap] /Library/Java/JavaVirtualMachines/jdk1.7.0_07.jdk/Contents/Home/jre/lib/jce.jar
2013-12-28 11:19:03.173+0000 INFO  [o.n.k.i.DiagnosticsManager]:  [loader.0] file:/Users/David/Workspaces/Git%20Workspace/btcX/play-1.2.7/framework/lib/jaxen-1.1.jar
2013-12-28 11:19:03.173+0000 INFO  [o.n.k.i.DiagnosticsManager]:  [classpath] /Users/David/Workspaces/Git Workspace/btcX/BTCx/lib/neo4j_2.0/system/jetty-security-9.0.5.v20130815.jar
2013-12-28 11:19:03.173+0000 INFO  [o.n.k.i.DiagnosticsManager]:  [classpath] /Users/David/Workspaces/Git Workspace/btcX/BTCx/lib/neo4j_2.0/parboiled-scala_2.10-1.1.6.jar
2013-12-28 11:19:03.173+0000 INFO  [o.n.k.i.DiagnosticsManager]:  [loader.0] file:/Users/David/Workspaces/Git%20Workspace/btcX/play-1.2.7/framework/lib/commons-javaflow-1209105.jar
2013-12-28 11:19:03.173+0000 INFO  [o.n.k.i.DiagnosticsManager]:  [loader.0] file:/Users/David/Workspaces/Git%20Workspace/btcX/BTCx/lib/neo4j_2.0/system/commons-beanutils-core-1.8.0.jar
2013-12-28 11:19:03.174+0000 INFO  [o.n.k.i.DiagnosticsManager]:  [classpath] /Users/David/Workspaces/Git Workspace/btcX/play-1.2.7/framework/lib/commons-beanutils-1.8.3.jar
2013-12-28 11:19:03.174+0000 INFO  [o.n.k.i.DiagnosticsManager]:  [loader.1] file:/System/Library/Java/Extensions/vecmath.jar
2013-12-28 11:19:03.174+0000 INFO  [o.n.k.i.DiagnosticsManager]:  [classpath] /Users/David/Workspaces/Git Workspace/btcX/play-1.2.7/framework/lib/slf4j-api-1.6.1.jar
2013-12-28 11:19:03.174+0000 INFO  [o.n.k.i.DiagnosticsManager]:  [classpath] /Users/David/Workspaces/Git Workspace/btcX/BTCx/lib/neo4j_2.0/system/jetty-servlet-9.0.5.v20130815.jar
2013-12-28 11:19:03.174+0000 INFO  [o.n.k.i.DiagnosticsManager]:  [classpath] /Users/David/Workspaces/Git Workspace/btcX/BTCx/lib/neo4j_2.0/lucene-core-3.6.2.jar
2013-12-28 11:19:03.174+0000 INFO  [o.n.k.i.DiagnosticsManager]:  [classpath] /Users/David/Workspaces/Git Workspace/btcX/play-1.2.7/framework/lib/log4j-1.2.16.jar
2013-12-28 11:19:03.174+0000 INFO  [o.n.k.i.DiagnosticsManager]:  [loader.0] file:/Users/David/Workspaces/Git%20Workspace/btcX/play-1.2.7/framework/lib/gson-2.2.jar
2013-12-28 11:19:03.174+0000 INFO  [o.n.k.i.DiagnosticsManager]:  [classpath] /Users/David/Workspaces/Git Workspace/btcX/BTCx/lib/neo4j_2.0/neo4j-graph-matching-2.0.0.jar
2013-12-28 11:19:03.174+0000 INFO  [o.n.k.i.DiagnosticsManager]:  [classpath] /Users/David/Workspaces/Git Workspace/btcX/play-1.2.7/framework/lib/commons-logging-1.1.1.jar
2013-12-28 11:19:03.174+0000 INFO  [o.n.k.i.DiagnosticsManager]:  [classpath] /Users/David/Workspaces/Git Workspace/btcX/BTCx/lib/neo4j_2.0/system/jsr311-api-1.1.2.r612.jar
2013-12-28 11:19:03.174+0000 INFO  [o.n.k.i.DiagnosticsManager]:  [loader.1] file:/System/Library/Java/Extensions/libJ3D.jnilib
2013-12-28 11:19:03.174+0000 INFO  [o.n.k.i.DiagnosticsManager]:  [loader.0] file:/Users/David/Workspaces/Git%20Workspace/btcX/play-1.2.7/framework/lib/ehcache-core-2.4.3.jar
2013-12-28 11:19:03.174+0000 INFO  [o.n.k.i.DiagnosticsManager]:  [loader.0] file:/Users/David/Workspaces/Git%20Workspace/btcX/play-1.2.7/framework/lib/commons-lang-2.6.jar
2013-12-28 11:19:03.174+0000 INFO  [o.n.k.i.DiagnosticsManager]:  [classpath] /Users/David/Workspaces/Git Workspace/btcX/BTCx/lib/neo4j_2.0/neo4j-cypher-compiler-1.9-2.0.0.jar
2013-12-28 11:19:03.174+0000 INFO  [o.n.k.i.DiagnosticsManager]:  [classpath] /Users/David/Workspaces/Git Workspace/btcX/BTCx/lib/neo4j_2.0/system/commons-compiler-2.6.1.jar
2013-12-28 11:19:03.174+0000 INFO  [o.n.k.i.DiagnosticsManager]:  [loader.1] file:/System/Library/Java/Extensions/QTJava.zip
2013-12-28 11:19:03.174+0000 INFO  [o.n.k.i.DiagnosticsManager]:  [bootstrap] /Library/Java/JavaVirtualMachines/jdk1.7.0_07.jdk/Contents/Home/jre/lib/jfr.jar
2013-12-28 11:19:03.174+0000 INFO  [o.n.k.i.DiagnosticsManager]:  [loader.0] file:/Users/David/Workspaces/Git%20Workspace/btcX/play-1.2.7/framework/lib/memcached-2.6.jar
2013-12-28 11:19:03.174+0000 INFO  [o.n.k.i.DiagnosticsManager]:  [loader.0] file:/Users/David/Workspaces/Git%20Workspace/btcX/BTCx/lib/neo4j_2.0/neo4j-cypher-compiler-1.9-2.0.0.jar
2013-12-28 11:19:03.174+0000 INFO  [o.n.k.i.DiagnosticsManager]:  [loader.0] file:/Users/David/Workspaces/Git%20Workspace/btcX/play-1.2.7/framework/lib/slf4j-log4j12-1.6.1.jar
2013-12-28 11:19:03.174+0000 INFO  [o.n.k.i.DiagnosticsManager]:  [classpath] /Users/David/Workspaces/Git Workspace/btcX/play-1.2.7/framework/lib/ehcache-core-2.4.3.jar
2013-12-28 11:19:03.174+0000 INFO  [o.n.k.i.DiagnosticsManager]:  [loader.0] file:/Users/David/Workspaces/Git%20Workspace/btcX/play-1.2.7/framework/lib/validation-api-1.0.0.GA.jar
2013-12-28 11:19:03.174+0000 INFO  [o.n.k.i.DiagnosticsManager]:  [loader.0] file:/Users/David/Workspaces/Git%20Workspace/btcX/BTCx/lib/neo4j_2.0/system/jetty-io-9.0.5.v20130815.jar
2013-12-28 11:19:03.174+0000 INFO  [o.n.k.i.DiagnosticsManager]:  [loader.0] file:/Users/David/Workspaces/Git%20Workspace/btcX/BTCx/lib/neo4j_2.0/system/logback-classic-1.0.9.jar
2013-12-28 11:19:03.174+0000 INFO  [o.n.k.i.DiagnosticsManager]:  [classpath] /Users/David/Workspaces/Git Workspace/btcX/play-1.2.7/framework/lib/xmlpull-1.1.3.1.jar
2013-12-28 11:19:03.174+0000 INFO  [o.n.k.i.DiagnosticsManager]:  [loader.1] file:/System/Library/Java/Extensions/j3daudio.jar
2013-12-28 11:19:03.175+0000 INFO  [o.n.k.i.DiagnosticsManager]:  [classpath] /Users/David/Workspaces/Git Workspace/btcX/play-1.2.7/framework/lib/asm-all-3.3.1.jar
2013-12-28 11:19:03.175+0000 INFO  [o.n.k.i.DiagnosticsManager]:  [loader.0] file:/Users/David/Workspaces/Git%20Workspace/btcX/BTCx/lib/neo4j_2.0/system/commons-compiler-2.6.1.jar
2013-12-28 11:19:03.175+0000 INFO  [o.n.k.i.DiagnosticsManager]:  [loader.0] file:/Users/David/Workspaces/Git%20Workspace/btcX/BTCx/lib/neo4j_2.0/system/jetty-security-9.0.5.v20130815.jar
2013-12-28 11:19:03.175+0000 INFO  [o.n.k.i.DiagnosticsManager]:  [loader.0] file:/Users/David/Workspaces/Git%20Workspace/btcX/play-1.2.7/framework/lib/joda-time-2.1.jar
2013-12-28 11:19:03.175+0000 INFO  [o.n.k.i.DiagnosticsManager]:  [classpath] /Users/David/Workspaces/Git Workspace/btcX/play-1.2.7/framework/lib/dom4j-1.6.1.jar
2013-12-28 11:19:03.175+0000 INFO  [o.n.k.i.DiagnosticsManager]:  [classpath] /Users/David/Workspaces/Git Workspace/btcX/BTCx/lib/neo4j_2.0/system/commons-beanutils-core-1.8.0.jar
2013-12-28 11:19:03.175+0000 INFO  [o.n.k.i.DiagnosticsManager]:  [loader.1] file:/System/Library/Java/Extensions/j3dcore.jar
2013-12-28 11:19:03.175+0000 INFO  [o.n.k.i.DiagnosticsManager]:  [loader.0] file:/Users/David/Workspaces/Git%20Workspace/btcX/BTCx/lib/neo4j_2.0/system/jetty-servlet-9.0.5.v20130815.jar
2013-12-28 11:19:03.175+0000 INFO  [o.n.k.i.DiagnosticsManager]:  [loader.0] file:/Users/David/Workspaces/Git%20Workspace/btcX/play-1.2.7/framework/lib/ivy-2.2.0.jar
2013-12-28 11:19:03.175+0000 INFO  [o.n.k.i.DiagnosticsManager]:  [loader.0] file:/Users/David/Workspaces/Git%20Workspace/btcX/play-1.2.7/framework/lib/asm-all-3.3.1.jar
2013-12-28 11:19:03.175+0000 INFO  [o.n.k.i.DiagnosticsManager]:  [classpath] /Users/David/Workspaces/Git Workspace/btcX/play-1.2.7/framework/lib/groovy-all-1.8.6.jar
2013-12-28 11:19:03.175+0000 INFO  [o.n.k.i.DiagnosticsManager]:  [classpath] /Users/David/Workspaces/Git Workspace/btcX/BTCx/lib/neo4j_2.0/system/logback-access-1.0.9.jar
2013-12-28 11:19:03.175+0000 INFO  [o.n.k.i.DiagnosticsManager]:  [classpath] /Users/David/Workspaces/Git Workspace/btcX/play-1.2.7/framework/lib/mysql-connector-java-5.1.20.jar
2013-12-28 11:19:03.175+0000 INFO  [o.n.k.i.DiagnosticsManager]:  [loader.1] file:/System/Library/Java/Extensions/jai_core.jar
2013-12-28 11:19:03.175+0000 INFO  [o.n.k.i.DiagnosticsManager]:  [classpath] /Users/David/Workspaces/Git Workspace/btcX/BTCx/lib/neo4j_2.0/system/jersey-core-1.9.jar
2013-12-28 11:19:03.175+0000 INFO  [o.n.k.i.DiagnosticsManager]:  [loader.0] file:/Users/David/Workspaces/Git%20Workspace/btcX/play-1.2.7/framework/lib/commons-collections-3.1.jar
2013-12-28 11:19:03.175+0000 INFO  [o.n.k.i.DiagnosticsManager]:  [bootstrap] /Library/Java/JavaVirtualMachines/jdk1.7.0_07.jdk/Contents/Home/jre/lib/resources.jar
2013-12-28 11:19:03.175+0000 INFO  [o.n.k.i.DiagnosticsManager]:  [classpath] /Users/David/Workspaces/Git Workspace/btcX/play-1.2.7/framework/lib/hibernate-commons-annotations-3.2.0.Final.jar
2013-12-28 11:19:03.175+0000 INFO  [o.n.k.i.DiagnosticsManager]:  [loader.0] file:/Users/David/Workspaces/Git%20Workspace/btcX/BTCx/lib/neo4j_2.0/system/jackson-jaxrs-1.9.7.jar
2013-12-28 11:19:03.175+0000 INFO  [o.n.k.i.DiagnosticsManager]:  [classpath] /Users/David/Workspaces/Git Workspace/btcX/BTCx/lib/neo4j_2.0/system/jersey-server-1.9.jar
2013-12-28 11:19:03.175+0000 INFO  [o.n.k.i.DiagnosticsManager]:  [classpath] /Users/David/Workspaces/Git Workspace/btcX/BTCx/lib/neo4j_2.0/system/jcl-over-slf4j-1.6.1.jar
2013-12-28 11:19:03.175+0000 INFO  [o.n.k.i.DiagnosticsManager]:  [loader.0] file:/Users/David/Workspaces/Git%20Workspace/btcX/BTCx/lib/neo4j_2.0/system/commons-digester-1.8.1.jar
2013-12-28 11:19:03.175+0000 INFO  [o.n.k.i.DiagnosticsManager]:  [loader.0] file:/Users/David/Workspaces/Git%20Workspace/btcX/BTCx/lib/neo4j_2.0/system/jackson-mapper-asl-1.9.7.jar
2013-12-28 11:19:03.175+0000 INFO  [o.n.k.i.DiagnosticsManager]:  [loader.0] file:/Users/David/Workspaces/Git%20Workspace/btcX/play-1.2.7/framework/lib/mysql-connector-java-5.1.20.jar
2013-12-28 11:19:03.175+0000 INFO  [o.n.k.i.DiagnosticsManager]:  [classpath] /Users/David/Workspaces/Git Workspace/btcX/play-1.2.7/framework/lib/geronimo-servlet_2.5_spec-1.2.jar
2013-12-28 11:19:03.175+0000 INFO  [o.n.k.i.DiagnosticsManager]:  [classpath] /Users/David/Workspaces/Git Workspace/btcX/BTCx/lib/neo4j_2.0/system/bcprov-jdk16-140.jar
2013-12-28 11:19:03.175+0000 INFO  [o.n.k.i.DiagnosticsManager]:  [classpath] /Users/David/Workspaces/Git Workspace/btcX/play-1.2.7/framework/lib/netty-3.4.2.Final.jar
2013-12-28 11:19:03.175+0000 INFO  [o.n.k.i.DiagnosticsManager]:  [classpath] /Users/David/Workspaces/Git Workspace/btcX/BTCx/lib/neo4j_2.0/system/logback-core-1.0.9.jar
2013-12-28 11:19:03.176+0000 INFO  [o.n.k.i.DiagnosticsManager]:  [loader.0] file:/Users/David/Workspaces/Git%20Workspace/btcX/BTCx/lib/neo4j_2.0/system/jcl-over-slf4j-1.6.1.jar
2013-12-28 11:19:03.176+0000 INFO  [o.n.k.i.DiagnosticsManager]:  [loader.0] file:/Users/David/Workspaces/Git%20Workspace/btcX/play-1.2.7/framework/lib/mail-1.4.3.jar
2013-12-28 11:19:03.176+0000 INFO  [o.n.k.i.DiagnosticsManager]:  [classpath] /Users/David/Workspaces/Git Workspace/btcX/play-1.2.7/framework/lib/jj-wikitext.jar
2013-12-28 11:19:03.176+0000 INFO  [o.n.k.i.DiagnosticsManager]:  [classpath] /Users/David/Workspaces/Git Workspace/btcX/play-1.2.7/framework/lib/jaxb-impl-2.1.12.jar
2013-12-28 11:19:03.176+0000 INFO  [o.n.k.i.DiagnosticsManager]:  [loader.0] file:/Users/David/Workspaces/Git%20Workspace/btcX/BTCx/lib/neo4j_2.0/system/jetty-xml-9.0.5.v20130815.jar
2013-12-28 11:19:03.176+0000 INFO  [o.n.k.i.DiagnosticsManager]:  [loader.0] file:/Users/David/Workspaces/Git%20Workspace/btcX/play-1.2.7/framework/lib/activation-1.1.1.jar
2013-12-28 11:19:03.176+0000 INFO  [o.n.k.i.DiagnosticsManager]:  [loader.0] file:/Users/David/Workspaces/Git%20Workspace/btcX/BTCx/lib/neo4j_2.0/neo4j-lucene-index-2.0.0.jar
2013-12-28 11:19:03.176+0000 INFO  [o.n.k.i.DiagnosticsManager]:  [loader.0] file:/Users/David/Workspaces/Git%20Workspace/btcX/BTCx/lib/neo4j_2.0/neo4j-graph-algo-2.0.0.jar
2013-12-28 11:19:03.176+0000 INFO  [o.n.k.i.DiagnosticsManager]:  [loader.0] file:/Users/David/Workspaces/Git%20Workspace/btcX/BTCx/lib/apache_commons_validator_1.4/commons-validator-1.4.0-javadoc.jar
2013-12-28 11:19:03.176+0000 INFO  [o.n.k.i.DiagnosticsManager]:  [classpath] /Users/David/Workspaces/Git Workspace/btcX/play-1.2.7/framework/lib/commons-fileupload-1.2.2.jar
2013-12-28 11:19:03.176+0000 INFO  [o.n.k.i.DiagnosticsManager]:  [loader.0] file:/Users/David/Workspaces/Git%20Workspace/btcX/play-1.2.7/framework/lib/xmlpull-1.1.3.1.jar
2013-12-28 11:19:03.176+0000 INFO  [o.n.k.i.DiagnosticsManager]:  [classpath] /Users/David/Workspaces/Git Workspace/btcX/play-1.2.7/framework/lib/c3p0-0.9.1.2.jar
2013-12-28 11:19:03.176+0000 INFO  [o.n.k.i.DiagnosticsManager]:  [classpath] /Users/David/Workspaces/Git Workspace/btcX/play-1.2.7/framework/lib/snakeyaml-1.7.jar
2013-12-28 11:19:03.176+0000 INFO  [o.n.k.i.DiagnosticsManager]:  [loader.0] file:/Users/David/Workspaces/Git%20Workspace/btcX/BTCx/lib/neo4j_2.0/geronimo-jta_1.1_spec-1.1.1.jar
2013-12-28 11:19:03.176+0000 INFO  [o.n.k.i.DiagnosticsManager]:  [loader.1] file:/Library/Java/JavaVirtualMachines/jdk1.7.0_07.jdk/Contents/Home/jre/lib/ext/localedata.jar
2013-12-28 11:19:03.176+0000 INFO  [o.n.k.i.DiagnosticsManager]:  [classpath] /Users/David/Workspaces/Git Workspace/btcX/play-1.2.7/framework/lib/hibernate-validator-4.1.0.Final.jar
2013-12-28 11:19:03.176+0000 INFO  [o.n.k.i.DiagnosticsManager]:  [loader.0] file:/Users/David/Workspaces/Git%20Workspace/btcX/BTCx/lib/neo4j_2.0/system/logback-core-1.0.9.jar
2013-12-28 11:19:03.176+0000 INFO  [o.n.k.i.DiagnosticsManager]:  [loader.0] file:/Users/David/Workspaces/Git%20Workspace/btcX/play-1.2.7/framework/lib/hibernate-entitymanager-3.6.10.Final.jar
2013-12-28 11:19:03.176+0000 INFO  [o.n.k.i.DiagnosticsManager]:  [classpath] /Users/David/Workspaces/Git Workspace/btcX/play-1.2.7/framework/lib/xstream-1.4.2.jar
2013-12-28 11:19:03.176+0000 INFO  [o.n.k.i.DiagnosticsManager]:  [loader.0] file:/Users/David/Workspaces/Git%20Workspace/btcX/play-1.2.7/framework/lib/signpost-core-1.2.jar
2013-12-28 11:19:03.176+0000 INFO  [o.n.k.i.DiagnosticsManager]:  [classpath] /Users/David/Workspaces/Git Workspace/btcX/BTCx/lib/apache_commons_validator_1.4/commons-validator-1.4.0.jar
2013-12-28 11:19:03.176+0000 INFO  [o.n.k.i.DiagnosticsManager]:  [loader.0] file:/Users/David/Workspaces/Git%20Workspace/btcX/BTCx/lib/neo4j_2.0/server-api-2.0.0.jar
2013-12-28 11:19:03.176+0000 INFO  [o.n.k.i.DiagnosticsManager]:  [loader.0] file:/Users/David/Workspaces/Git%20Workspace/btcX/play-1.2.7/framework/lib/jj-imaging.jar
2013-12-28 11:19:03.176+0000 INFO  [o.n.k.i.DiagnosticsManager]:  [classpath] /Users/David/Workspaces/Git Workspace/btcX/play-1.2.7/framework/lib/junit-4.10.jar
2013-12-28 11:19:03.176+0000 INFO  [o.n.k.i.DiagnosticsManager]:  [classpath] /Users/David/Workspaces/Git Workspace/btcX/play-1.2.7/framework/lib/commons-lang-2.6.jar
2013-12-28 11:19:03.176+0000 INFO  [o.n.k.i.DiagnosticsManager]:  [loader.0] file:/Users/David/Workspaces/Git%20Workspace/btcX/BTCx/lib/neo4j_2.0/scala-library-2.10.3.jar
2013-12-28 11:19:03.176+0000 INFO  [o.n.k.i.DiagnosticsManager]:  [loader.1] file:/System/Library/Java/Extensions/dns_sd.jar
2013-12-28 11:19:03.176+0000 INFO  [o.n.k.i.DiagnosticsManager]:  [classpath] /Users/David/Workspaces/Git Workspace/btcX/BTCx/lib/neo4j_2.0/system/rrd4j-2.0.7.jar
2013-12-28 11:19:03.177+0000 INFO  [o.n.k.i.DiagnosticsManager]:  [loader.0] file:/Users/David/Workspaces/Git%20Workspace/btcX/play-1.2.7/framework/lib/jj-simplecaptcha.jar
2013-12-28 11:19:03.177+0000 INFO  [o.n.k.i.DiagnosticsManager]:  [loader.0] file:/Users/David/Workspaces/Git%20Workspace/btcX/BTCx/lib/neo4j_2.0/system/bcprov-jdk16-140.jar
2013-12-28 11:19:03.177+0000 INFO  [o.n.k.i.DiagnosticsManager]:  [classpath] /Users/David/Workspaces/Git Workspace/btcX/BTCx/lib/neo4j_2.0/neo4j-cypher-compiler-2.0-2.0.0.jar
2013-12-28 11:19:03.177+0000 INFO  [o.n.k.i.DiagnosticsManager]:  [classpath] /Users/David/Workspaces/Git Workspace/btcX/play-1.2.7/framework/lib/jj-imaging.jar
2013-12-28 11:19:03.177+0000 INFO  [o.n.k.i.DiagnosticsManager]:  [loader.0] file:/Users/David/Workspaces/Git%20Workspace/btcX/play-1.2.7/framework/lib/hibernate-commons-annotations-3.2.0.Final.jar
2013-12-28 11:19:03.177+0000 INFO  [o.n.k.i.DiagnosticsManager]:  [loader.0] file:/Users/David/Workspaces/Git%20Workspace/btcX/BTCx/lib/neo4j_2.0/neo4j-graph-matching-2.0.0.jar
2013-12-28 11:19:03.177+0000 INFO  [o.n.k.i.DiagnosticsManager]:  [classpath] /Users/David/Workspaces/Git Workspace/btcX/play-1.2.7/framework/lib/commons-io-2.0.1.jar
2013-12-28 11:19:03.177+0000 INFO  [o.n.k.i.DiagnosticsManager]:  [loader.0] file:/Users/David/Workspaces/Git%20Workspace/btcX/BTCx/lib/neo4j_2.0/system/commons-beanutils-1.8.0.jar
2013-12-28 11:19:03.177+0000 INFO  [o.n.k.i.DiagnosticsManager]:  [loader.0] file:/Users/David/Workspaces/Git%20Workspace/btcX/BTCx/lib/neo4j_2.0/system/jersey-multipart-1.9.jar
2013-12-28 11:19:03.177+0000 INFO  [o.n.k.i.DiagnosticsManager]:  [loader.0] file:/Users/David/Workspaces/Git%20Workspace/btcX/BTCx/lib/neo4j_2.0/neo4j-jmx-2.0.0.jar
2013-12-28 11:19:03.177+0000 INFO  [o.n.k.i.DiagnosticsManager]:  [classpath] /Users/David/Workspaces/Git Workspace/btcX/play-1.2.7/framework/lib/oval-1.50.jar
2013-12-28 11:19:03.177+0000 INFO  [o.n.k.i.DiagnosticsManager]:  [loader.0] file:/Users/David/Workspaces/Git%20Workspace/btcX/play-1.2.7/framework/lib/jregex-1.2_01.jar
2013-12-28 11:19:03.177+0000 INFO  [o.n.k.i.DiagnosticsManager]:  [loader.0] file:/Users/David/Workspaces/Git%20Workspace/btcX/play-1.2.7/framework/lib/netty-3.4.2.Final.jar
2013-12-28 11:19:03.177+0000 INFO  [o.n.k.i.DiagnosticsManager]:  [classpath] /Users/David/Workspaces/Git Workspace/btcX/BTCx/lib/neo4j_2.0/neo4j-cypher-commons-2.0.0.jar
2013-12-28 11:19:03.177+0000 INFO  [o.n.k.i.DiagnosticsManager]:  [classpath] /Users/David/Workspaces/Git Workspace/btcX/play-1.2.7/framework/lib/commons-javaflow-1209105.jar
2013-12-28 11:19:03.177+0000 INFO  [o.n.k.i.DiagnosticsManager]:  [loader.0] file:/Users/David/Workspaces/Git%20Workspace/btcX/BTCx/lib/neo4j_2.0/neo4j-cypher-compiler-2.0-2.0.0.jar
2013-12-28 11:19:03.177+0000 INFO  [o.n.k.i.DiagnosticsManager]:  [classpath] /Users/David/Workspaces/Git Workspace/btcX/play-1.2.7/framework/lib/h2-1.3.166.jar
2013-12-28 11:19:03.177+0000 INFO  [o.n.k.i.DiagnosticsManager]:  [loader.1] file:/System/Library/Java/Extensions/mlibwrapper_jai.jar
2013-12-28 11:19:03.177+0000 INFO  [o.n.k.i.DiagnosticsManager]:  [loader.0] file:/Users/David/Workspaces/Git%20Workspace/btcX/BTCx/lib/neo4j_2.0/neo4j-udc-2.0.0.jar
2013-12-28 11:19:03.177+0000 INFO  [o.n.k.i.DiagnosticsManager]:  [classpath] /Users/David/Workspaces/Git Workspace/btcX/BTCx/lib/neo4j_2.0/neo4j-graph-algo-2.0.0.jar
2013-12-28 11:19:03.177+0000 INFO  [o.n.k.i.DiagnosticsManager]:  [classpath] /Users/David/Workspaces/Git Workspace/btcX/BTCx/lib/neo4j_2.0/org.apache.servicemix.bundles.jline-0.9.94_1.jar
2013-12-28 11:19:03.177+0000 INFO  [o.n.k.i.DiagnosticsManager]:  [classpath] /Users/David/Workspaces/Git Workspace/btcX/play-1.2.7/framework/lib/hibernate-entitymanager-3.6.10.Final.jar
2013-12-28 11:19:03.177+0000 INFO  [o.n.k.i.DiagnosticsManager]:  [classpath] /Users/David/Workspaces/Git Workspace/btcX/play-1.2.7/framework/lib/async-http-client-1.7.8.jar
2013-12-28 11:19:03.177+0000 INFO  [o.n.k.i.DiagnosticsManager]:  [classpath] /Users/David/Workspaces/Git Workspace/btcX/play-1.2.7/framework/lib/jsr107cache-1.0.jar
2013-12-28 11:19:03.177+0000 INFO  [o.n.k.i.DiagnosticsManager]:  [classpath] /Users/David/Workspaces/Git Workspace/btcX/BTCx/lib/neo4j_2.0/neo4j-cypher-2.0.0.jar
2013-12-28 11:19:03.177+0000 INFO  [o.n.k.i.DiagnosticsManager]:  [loader.1] file:/System/Library/Java/Extensions/libJ3DAudio.jnilib
2013-12-28 11:19:03.177+0000 INFO  [o.n.k.i.DiagnosticsManager]:  [classpath] /Users/David/Workspaces/Git Workspace/btcX/BTCx/lib/neo4j_2.0/neo4j-shell-2.0.0.jar
2013-12-28 11:19:03.177+0000 INFO  [o.n.k.i.DiagnosticsManager]:  [classpath + classpath] /Users/David/Workspaces/Git Workspace/btcX/play-1.2.7/framework/play-1.2.7.jar
2013-12-28 11:19:03.177+0000 INFO  [o.n.k.i.DiagnosticsManager]:  [classpath] /Users/David/Workspaces/Git Workspace/btcX/BTCx/lib/neo4j_2.0/system/slf4j-api-1.6.2.jar
2013-12-28 11:19:03.178+0000 INFO  [o.n.k.i.DiagnosticsManager]:  [loader.0] file:/Users/David/Workspaces/Git%20Workspace/btcX/play-1.2.7/framework/lib/commons-fileupload-1.2.2.jar
2013-12-28 11:19:03.178+0000 INFO  [o.n.k.i.DiagnosticsManager]:  [classpath] /Users/David/Workspaces/Git Workspace/btcX/BTCx/lib/neo4j_2.0/geronimo-jta_1.1_spec-1.1.1.jar
2013-12-28 11:19:03.178+0000 INFO  [o.n.k.i.DiagnosticsManager]:  [classpath] /Users/David/Workspaces/Git Workspace/btcX/play-1.2.7/framework/lib/org.eclipse.jdt.core-3.7.1.v_B76_R37x.jar
2013-12-28 11:19:03.178+0000 INFO  [o.n.k.i.DiagnosticsManager]:  [loader.0] file:/Users/David/Workspaces/Git%20Workspace/btcX/play-1.2.7/framework/lib/antlr-2.7.7.jar
2013-12-28 11:19:03.178+0000 INFO  [o.n.k.i.DiagnosticsManager]:  [classpath] /Users/David/Workspaces/Git Workspace/btcX/play-1.2.7/framework/lib/signpost-core-1.2.jar
2013-12-28 11:19:03.178+0000 INFO  [o.n.k.i.DiagnosticsManager]:  [loader.0] file:/Users/David/Workspaces/Git%20Workspace/btcX/BTCx/lib/neo4j_2.0/system/asm-3.1.jar
2013-12-28 11:19:03.178+0000 INFO  [o.n.k.i.DiagnosticsManager]:  [loader.0] file:/Users/David/Workspaces/Git%20Workspace/btcX/play-1.2.7/framework/lib/jj-textile.jar
2013-12-28 11:19:03.178+0000 INFO  [o.n.k.i.DiagnosticsManager]:  [loader.0] file:/Users/David/Workspaces/Git%20Workspace/btcX/play-1.2.7/framework/lib/jboss-transaction-api_1.1_spec-1.0.0.Final.jar
2013-12-28 11:19:03.178+0000 INFO  [o.n.k.i.DiagnosticsManager]:  [classpath] /Users/David/Workspaces/Git Workspace/btcX/play-1.2.7/framework/lib/jboss-transaction-api_1.1_spec-1.0.0.Final.jar
2013-12-28 11:19:03.178+0000 INFO  [o.n.k.i.DiagnosticsManager]:  [loader.1] file:/System/Library/Java/Extensions/j3dutils.jar
2013-12-28 11:19:03.178+0000 INFO  [o.n.k.i.DiagnosticsManager]:  [classpath] /Users/David/Workspaces/Git Workspace/btcX/BTCx/lib/neo4j_2.0/neo4j-jmx-2.0.0.jar
2013-12-28 11:19:03.178+0000 INFO  [o.n.k.i.DiagnosticsManager]:  [loader.0] file:/Users/David/Workspaces/Git%20Workspace/btcX/play-1.2.7/framework/lib/oval-1.50.jar
2013-12-28 11:19:03.178+0000 INFO  [o.n.k.i.DiagnosticsManager]:  [loader.0] file:/Users/David/Workspaces/Git%20Workspace/btcX/BTCx/lib/neo4j_2.0/lucene-core-3.6.2.jar
2013-12-28 11:19:03.178+0000 INFO  [o.n.k.i.DiagnosticsManager]:  [loader.0] file:/Users/David/Workspaces/Git%20Workspace/btcX/BTCx/lib/neo4j_2.0/system/slf4j-api-1.6.2.jar
2013-12-28 11:19:03.178+0000 INFO  [o.n.k.i.DiagnosticsManager]:  [classpath] /Users/David/Workspaces/Git Workspace/btcX/play-1.2.7/framework/lib/memcached-2.6.jar
2013-12-28 11:19:03.178+0000 INFO  [o.n.k.i.DiagnosticsManager]:  [loader.0] file:/Users/David/Workspaces/Git%20Workspace/btcX/BTCx/lib/neo4j_2.0/system/javax.servlet-3.0.0.v201112011016.jar
2013-12-28 11:19:03.178+0000 INFO  [o.n.k.i.DiagnosticsManager]:  [loader.0] file:/Users/David/Workspaces/Git%20Workspace/btcX/play-1.2.7/framework/lib/postgresql-9.0.jar
2013-12-28 11:19:03.178+0000 INFO  [o.n.k.i.DiagnosticsManager]:  [loader.0] file:/Users/David/Workspaces/Git%20Workspace/btcX/BTCx/lib/neo4j_2.0/system/neo4j-server-2.0.0-static-web.jar
2013-12-28 11:19:03.178+0000 INFO  [o.n.k.i.DiagnosticsManager]:  [classpath] /Users/David/Workspaces/Git Workspace/btcX/play-1.2.7/framework/lib/javax.inject-1.0.jar
2013-12-28 11:19:03.178+0000 INFO  [o.n.k.i.DiagnosticsManager]:  [loader.0] file:/Users/David/Workspaces/Git%20Workspace/btcX/BTCx/lib/neo4j_2.0/system/rrd4j-2.0.7.jar
2013-12-28 11:19:03.178+0000 INFO  [o.n.k.i.DiagnosticsManager]:  [loader.0] file:/Users/David/Workspaces/Git%20Workspace/btcX/play-1.2.7/framework/lib/dom4j-1.6.1.jar
2013-12-28 11:19:03.178+0000 INFO  [o.n.k.i.DiagnosticsManager]:  [classpath] /Users/David/Workspaces/Git Workspace/btcX/play-1.2.7/framework/lib/mail-1.4.3.jar
2013-12-28 11:19:03.178+0000 INFO  [o.n.k.i.DiagnosticsManager]:  [loader.1] file:/Library/Java/JavaVirtualMachines/jdk1.7.0_07.jdk/Contents/Home/jre/lib/ext/dnsns.jar
2013-12-28 11:19:03.178+0000 INFO  [o.n.k.i.DiagnosticsManager]:  [bootstrap] /Library/Java/JavaVirtualMachines/jdk1.7.0_07.jdk/Contents/Home/jre/lib/jsse.jar
2013-12-28 11:19:03.178+0000 INFO  [o.n.k.i.DiagnosticsManager]:  [classpath] /Users/David/Workspaces/Git Workspace/btcX/BTCx/lib/neo4j_2.0/system/janino-2.6.1.jar
2013-12-28 11:19:03.178+0000 INFO  [o.n.k.i.DiagnosticsManager]:  [loader.0] file:/Users/David/Workspaces/Git%20Workspace/btcX/BTCx/lib/neo4j_2.0/system/jersey-server-1.9.jar
2013-12-28 11:19:03.178+0000 INFO  [o.n.k.i.DiagnosticsManager]:  [classpath] /Users/David/Workspaces/Git Workspace/btcX/BTCx/lib/neo4j_2.0/system/commons-digester-1.8.1.jar
2013-12-28 11:19:03.178+0000 INFO  [o.n.k.i.DiagnosticsManager]:  [loader.0] file:/Users/David/Workspaces/Git%20Workspace/btcX/BTCx/lib/neo4j_2.0/system/jetty-server-9.0.5.v20130815.jar
2013-12-28 11:19:03.179+0000 INFO  [o.n.k.i.DiagnosticsManager]:  [loader.0] file:/Users/David/Workspaces/Git%20Workspace/btcX/BTCx/lib/neo4j_2.0/system/jetty-http-9.0.5.v20130815.jar
2013-12-28 11:19:03.179+0000 INFO  [o.n.k.i.DiagnosticsManager]:  [classpath] /Users/David/Workspaces/Git Workspace/btcX/BTCx/lib/neo4j_2.0/system/asm-3.1.jar
2013-12-28 11:19:03.179+0000 INFO  [o.n.k.i.DiagnosticsManager]:  [loader.0] file:/Users/David/Workspaces/Git%20Workspace/btcX/BTCx/lib/neo4j_2.0/system/neo4j-browser-2.0.0.jar
2013-12-28 11:19:03.179+0000 INFO  [o.n.k.i.DiagnosticsManager]:  [loader.1] file:/Library/Java/JavaVirtualMachines/jdk1.7.0_07.jdk/Contents/Home/jre/lib/ext/sunec.jar
2013-12-28 11:19:03.179+0000 INFO  [o.n.k.i.DiagnosticsManager]:  [loader.0] file:/Users/David/Workspaces/Git%20Workspace/btcX/play-1.2.7/framework/lib/jaxb-api-2.2.jar
2013-12-28 11:19:03.179+0000 INFO  [o.n.k.i.DiagnosticsManager]:  [classpath] /Users/David/Workspaces/Git Workspace/btcX/play-1.2.7/framework/lib/cglib-nodep-2.2.jar
2013-12-28 11:19:03.179+0000 INFO  [o.n.k.i.DiagnosticsManager]:  [loader.0] file:/Users/David/Workspaces/Git%20Workspace/btcX/BTCx/lib/neo4j_2.0/system/jetty-util-9.0.5.v20130815.jar
2013-12-28 11:19:03.179+0000 INFO  [o.n.k.i.DiagnosticsManager]:  [loader.0] file:/Users/David/Workspaces/Git%20Workspace/btcX/BTCx/lib/neo4j_2.0/system/mimepull-1.6.jar
2013-12-28 11:19:03.179+0000 INFO  [o.n.k.i.DiagnosticsManager]:  [classpath] /Users/David/Workspaces/Git Workspace/btcX/BTCx/lib/neo4j_2.0/system/commons-logging-1.1.1.jar
2013-12-28 11:19:03.179+0000 INFO  [o.n.k.i.DiagnosticsManager]:  [classpath] /Users/David/Workspaces/Git Workspace/btcX/play-1.2.7/framework/lib/javassist-3.9.0.GA.jar
2013-12-28 11:19:03.179+0000 INFO  [o.n.k.i.DiagnosticsManager]:  [classpath] /Users/David/Workspaces/Git Workspace/btcX/play-1.2.7/framework/lib/hibernate-jpa-2.0-api-1.0.1.Final.jar
2013-12-28 11:19:03.179+0000 INFO  [o.n.k.i.DiagnosticsManager]:  [loader.0] file:/Users/David/Workspaces/Git%20Workspace/btcX/BTCx/lib/neo4j_2.0/neo4j-kernel-2.0.0.jar
2013-12-28 11:19:03.179+0000 INFO  [o.n.k.i.DiagnosticsManager]:  [loader.0] file:/Users/David/Workspaces/Git%20Workspace/btcX/BTCx/lib/neo4j_2.0/neo4j-cypher-commons-2.0.0.jar
2013-12-28 11:19:03.179+0000 INFO  [o.n.k.i.DiagnosticsManager]: Library path:
2013-12-28 11:19:03.179+0000 INFO  [o.n.k.i.DiagnosticsManager]: /Users/David/Library/Java/Extensions
2013-12-28 11:19:03.179+0000 INFO  [o.n.k.i.DiagnosticsManager]: /Library/Java/Extensions
2013-12-28 11:19:03.179+0000 INFO  [o.n.k.i.DiagnosticsManager]: /Network/Library/Java/Extensions
2013-12-28 11:19:03.179+0000 INFO  [o.n.k.i.DiagnosticsManager]: /System/Library/Java/Extensions
2013-12-28 11:19:03.179+0000 INFO  [o.n.k.i.DiagnosticsManager]: /usr/lib/java
2013-12-28 11:19:03.180+0000 INFO  [o.n.k.i.DiagnosticsManager]: /Users/David/Workspaces/Git Workspace/btcX
2013-12-28 11:19:03.180+0000 INFO  [o.n.k.i.DiagnosticsManager]: System.properties:
2013-12-28 11:19:03.217+0000 INFO  [o.n.k.i.DiagnosticsManager]: sun.boot.library.path = /Library/Java/JavaVirtualMachines/jdk1.7.0_07.jdk/Contents/Home/jre/lib
2013-12-28 11:19:03.217+0000 INFO  [o.n.k.i.DiagnosticsManager]: user.country.format = DE
2013-12-28 11:19:03.217+0000 INFO  [o.n.k.i.DiagnosticsManager]: gopherProxySet = false
2013-12-28 11:19:03.217+0000 INFO  [o.n.k.i.DiagnosticsManager]: path.separator = :
2013-12-28 11:19:03.217+0000 INFO  [o.n.k.i.DiagnosticsManager]: file.encoding.pkg = sun.io
2013-12-28 11:19:03.217+0000 INFO  [o.n.k.i.DiagnosticsManager]: user.country = US
2013-12-28 11:19:03.217+0000 INFO  [o.n.k.i.DiagnosticsManager]: sun.java.launcher = SUN_STANDARD
2013-12-28 11:19:03.217+0000 INFO  [o.n.k.i.DiagnosticsManager]: sun.os.patch.level = unknown
2013-12-28 11:19:03.217+0000 INFO  [o.n.k.i.DiagnosticsManager]: user.dir = /Users/David/Workspaces/Git Workspace/btcX
2013-12-28 11:19:03.217+0000 INFO  [o.n.k.i.DiagnosticsManager]: play.debug = yes
2013-12-28 11:19:03.217+0000 INFO  [o.n.k.i.DiagnosticsManager]: sun.jnu.encoding = UTF-8
2013-12-28 11:19:03.217+0000 INFO  [o.n.k.i.DiagnosticsManager]: sun.nio.ch.bugLevel = 
2013-12-28 11:19:03.217+0000 INFO  [o.n.k.i.DiagnosticsManager]: play.id = 
2013-12-28 11:19:03.217+0000 INFO  [o.n.k.i.DiagnosticsManager]: sun.management.compiler = HotSpot 64-Bit Tiered Compilers
2013-12-28 11:19:03.218+0000 INFO  [o.n.k.i.DiagnosticsManager]: http.nonProxyHosts = local|*.local|169.254/16|*.169.254/16
2013-12-28 11:19:03.218+0000 INFO  [o.n.k.i.DiagnosticsManager]: user.home = /Users/David
2013-12-28 11:19:03.218+0000 INFO  [o.n.k.i.DiagnosticsManager]: user.timezone = Europe/Berlin
2013-12-28 11:19:03.218+0000 INFO  [o.n.k.i.DiagnosticsManager]: file.encoding = utf-8
2013-12-28 11:19:03.218+0000 INFO  [o.n.k.i.DiagnosticsManager]: user.name = David
2013-12-28 11:19:03.218+0000 INFO  [o.n.k.i.DiagnosticsManager]: sun.java.command = play.server.Server 
2013-12-28 11:19:03.218+0000 INFO  [o.n.k.i.DiagnosticsManager]: sun.arch.data.model = 64
2013-12-28 11:19:03.218+0000 INFO  [o.n.k.i.DiagnosticsManager]: user.language = en
2013-12-28 11:19:03.218+0000 INFO  [o.n.k.i.DiagnosticsManager]: awt.toolkit = sun.lwawt.macosx.LWCToolkit
2013-12-28 11:19:03.218+0000 INFO  [o.n.k.i.DiagnosticsManager]: file.separator = /
2013-12-28 11:19:03.218+0000 INFO  [o.n.k.i.DiagnosticsManager]: sun.io.unicode.encoding = UnicodeBig
2013-12-28 11:19:03.218+0000 INFO  [o.n.k.i.DiagnosticsManager]: sun.cpu.endian = little
2013-12-28 11:19:03.218+0000 INFO  [o.n.k.i.DiagnosticsManager]: application.path = /Users/David/Workspaces/Git Workspace/btcX/BTCx
2013-12-28 11:19:03.218+0000 INFO  [o.n.k.i.DiagnosticsManager]: socksNonProxyHosts = local|*.local|169.254/16|*.169.254/16
2013-12-28 11:19:03.218+0000 INFO  [o.n.k.i.DiagnosticsManager]: ftp.nonProxyHosts = local|*.local|169.254/16|*.169.254/16
2013-12-28 11:19:03.218+0000 INFO  [o.n.k.i.DiagnosticsManager]: sun.cpu.isalist = 
2013-12-28 11:19:03.218+0000 INFO  [o.n.k.i.DiagnosticsManager]: Network information:
2013-12-28 11:19:03.241+0000 INFO  [o.n.k.i.DiagnosticsManager]: Interface ham0:
2013-12-28 11:19:03.241+0000 INFO  [o.n.k.i.DiagnosticsManager]:     address: 25.82.76.167
2013-12-28 11:19:03.241+0000 INFO  [o.n.k.i.DiagnosticsManager]: Interface en1:
2013-12-28 11:19:03.241+0000 INFO  [o.n.k.i.DiagnosticsManager]:     address: fe80:0:0:0:e2f8:47ff:fe3c:6c6c%5
2013-12-28 11:19:03.241+0000 INFO  [o.n.k.i.DiagnosticsManager]:     address: 192.168.1.2
2013-12-28 11:19:03.242+0000 INFO  [o.n.k.i.DiagnosticsManager]: Interface lo0:
2013-12-28 11:19:03.242+0000 INFO  [o.n.k.i.DiagnosticsManager]:     address: fe80:0:0:0:0:0:0:1%1
2013-12-28 11:19:03.242+0000 INFO  [o.n.k.i.DiagnosticsManager]:     address: 0:0:0:0:0:0:0:1
2013-12-28 11:19:03.242+0000 INFO  [o.n.k.i.DiagnosticsManager]:     address: 127.0.0.1
2013-12-28 11:19:03.242+0000 INFO  [o.n.k.i.DiagnosticsManager]: --- INITIALIZED diagnostics END ---
2013-12-28 11:19:03.949+0000 INFO  [o.n.k.i.n.s.StoreFactory]: Creating new db @ Databases/BTCx-Databse/neostore
2013-12-28 11:19:04.034+0000 INFO  [o.n.k.i.n.s.StoreFactory]: [Databases/BTCx-Databse/neostore.relationshiptypestore.db.names] brickCount=0 brickSize=0b mappedMem=0b (storeSize=38b)
2013-12-28 11:19:04.039+0000 INFO  [o.n.k.i.n.s.StoreFactory]: [Databases/BTCx-Databse/neostore.relationshiptypestore.db] brickCount=0 brickSize=0b mappedMem=0b (storeSize=0b)
2013-12-28 11:19:04.039+0000 INFO  [o.n.k.i.n.s.StoreFactory]: Databases/BTCx-Databse/neostore.relationshiptypestore.db.names hit=0 miss=0 switches=0 ooe=0
2013-12-28 11:19:04.041+0000 INFO  [o.n.k.i.n.s.StoreFactory]: Databases/BTCx-Databse/neostore.relationshiptypestore.db hit=0 miss=0 switches=0 ooe=0
2013-12-28 11:19:04.045+0000 INFO  [o.n.k.i.n.s.StoreFactory]: [Databases/BTCx-Databse/neostore.labeltokenstore.db.names] brickCount=0 brickSize=0b mappedMem=0b (storeSize=38b)
2013-12-28 11:19:04.046+0000 INFO  [o.n.k.i.n.s.StoreFactory]: [Databases/BTCx-Databse/neostore.labeltokenstore.db] brickCount=0 brickSize=0b mappedMem=0b (storeSize=0b)
2013-12-28 11:19:04.047+0000 INFO  [o.n.k.i.n.s.StoreFactory]: Databases/BTCx-Databse/neostore.labeltokenstore.db.names hit=0 miss=0 switches=0 ooe=0
2013-12-28 11:19:04.048+0000 INFO  [o.n.k.i.n.s.StoreFactory]: Databases/BTCx-Databse/neostore.labeltokenstore.db hit=0 miss=0 switches=0 ooe=0
2013-12-28 11:19:04.052+0000 INFO  [o.n.k.i.n.s.StoreFactory]: [Databases/BTCx-Databse/neostore.relationshiptypestore.db.names] brickCount=0 brickSize=0b mappedMem=0b (storeSize=38b)
2013-12-28 11:19:04.052+0000 INFO  [o.n.k.i.n.s.StoreFactory]: [Databases/BTCx-Databse/neostore.relationshiptypestore.db] brickCount=0 brickSize=0b mappedMem=0b (storeSize=0b)
2013-12-28 11:19:04.053+0000 INFO  [o.n.k.i.n.s.StoreFactory]: [Databases/BTCx-Databse/neostore.labeltokenstore.db.names] brickCount=0 brickSize=0b mappedMem=0b (storeSize=38b)
2013-12-28 11:19:04.053+0000 INFO  [o.n.k.i.n.s.StoreFactory]: [Databases/BTCx-Databse/neostore.labeltokenstore.db] brickCount=0 brickSize=0b mappedMem=0b (storeSize=0b)
2013-12-28 11:19:04.053+0000 INFO  [o.n.k.i.n.s.StoreFactory]: [Databases/BTCx-Databse/neostore.propertystore.db.strings] brickCount=0 brickSize=355456b mappedMem=355467264b (storeSize=128b)
2013-12-28 11:19:04.054+0000 INFO  [o.n.k.i.n.s.StoreFactory]: [Databases/BTCx-Databse/neostore.propertystore.db.index.keys] brickCount=0 brickSize=0b mappedMem=0b (storeSize=38b)
2013-12-28 11:19:04.055+0000 INFO  [o.n.k.i.n.s.StoreFactory]: [Databases/BTCx-Databse/neostore.propertystore.db.index] brickCount=0 brickSize=0b mappedMem=0b (storeSize=0b)
2013-12-28 11:19:04.055+0000 INFO  [o.n.k.i.n.s.StoreFactory]: [Databases/BTCx-Databse/neostore.propertystore.db.arrays] brickCount=0 brickSize=403584b mappedMem=403701760b (storeSize=128b)
2013-12-28 11:19:04.084+0000 INFO  [o.n.k.i.n.s.StoreFactory]: [Databases/BTCx-Databse/neostore.propertystore.db] brickCount=0 brickSize=4183804b mappedMem=418381824b (storeSize=0b)
2013-12-28 11:19:04.088+0000 INFO  [o.n.k.i.n.s.StoreFactory]: [Databases/BTCx-Databse/neostore.relationshipstore.db] brickCount=0 brickSize=5127507b mappedMem=512753664b (storeSize=0b)
2013-12-28 11:19:04.088+0000 INFO  [o.n.k.i.n.s.StoreFactory]: [Databases/BTCx-Databse/neostore.nodestore.db.labels] brickCount=0 brickSize=0b mappedMem=0b (storeSize=68b)
2013-12-28 11:19:04.091+0000 INFO  [o.n.k.i.n.s.StoreFactory]: [Databases/BTCx-Databse/neostore.nodestore.db] brickCount=0 brickSize=1153432b mappedMem=115343360b (storeSize=0b)
2013-12-28 11:19:04.091+0000 INFO  [o.n.k.i.n.s.StoreFactory]: [Databases/BTCx-Databse/neostore.schemastore.db] brickCount=0 brickSize=0b mappedMem=0b (storeSize=64b)
2013-12-28 11:19:04.092+0000 INFO  [o.n.k.i.n.s.StoreFactory]: [Databases/BTCx-Databse/neostore] brickCount=0 brickSize=0b mappedMem=0b (storeSize=0b)
2013-12-28 11:19:04.098+0000 INFO  [o.n.k.i.n.s.StoreFactory]: Databases/BTCx-Databse/neostore.relationshiptypestore.db.names hit=0 miss=0 switches=0 ooe=0
2013-12-28 11:19:04.100+0000 INFO  [o.n.k.i.n.s.StoreFactory]: Databases/BTCx-Databse/neostore.relationshiptypestore.db hit=0 miss=0 switches=0 ooe=0
2013-12-28 11:19:04.102+0000 INFO  [o.n.k.i.n.s.StoreFactory]: Databases/BTCx-Databse/neostore.labeltokenstore.db.names hit=0 miss=0 switches=0 ooe=0
2013-12-28 11:19:04.103+0000 INFO  [o.n.k.i.n.s.StoreFactory]: Databases/BTCx-Databse/neostore.labeltokenstore.db hit=0 miss=0 switches=0 ooe=0
2013-12-28 11:19:04.104+0000 INFO  [o.n.k.i.n.s.StoreFactory]: Databases/BTCx-Databse/neostore.propertystore.db.strings hit=0 miss=0 switches=0 ooe=0
2013-12-28 11:19:04.106+0000 INFO  [o.n.k.i.n.s.StoreFactory]: Databases/BTCx-Databse/neostore.propertystore.db.index.keys hit=0 miss=0 switches=0 ooe=0
2013-12-28 11:19:04.107+0000 INFO  [o.n.k.i.n.s.StoreFactory]: Databases/BTCx-Databse/neostore.propertystore.db.index hit=0 miss=0 switches=0 ooe=0
2013-12-28 11:19:04.108+0000 INFO  [o.n.k.i.n.s.StoreFactory]: Databases/BTCx-Databse/neostore.propertystore.db.arrays hit=0 miss=0 switches=0 ooe=0
2013-12-28 11:19:04.286+0000 INFO  [o.n.k.i.n.s.StoreFactory]: Databases/BTCx-Databse/neostore.propertystore.db hit=0 miss=0 switches=0 ooe=0
2013-12-28 11:19:04.288+0000 INFO  [o.n.k.i.n.s.StoreFactory]: Databases/BTCx-Databse/neostore.relationshipstore.db hit=0 miss=0 switches=0 ooe=0
2013-12-28 11:19:04.289+0000 INFO  [o.n.k.i.n.s.StoreFactory]: Databases/BTCx-Databse/neostore.nodestore.db.labels hit=0 miss=0 switches=0 ooe=0
2013-12-28 11:19:04.291+0000 INFO  [o.n.k.i.n.s.StoreFactory]: Databases/BTCx-Databse/neostore.nodestore.db hit=0 miss=0 switches=0 ooe=0
2013-12-28 11:19:04.293+0000 INFO  [o.n.k.i.n.s.StoreFactory]: Databases/BTCx-Databse/neostore.schemastore.db hit=0 miss=0 switches=0 ooe=0
2013-12-28 11:19:04.294+0000 INFO  [o.n.k.i.n.s.StoreFactory]: Databases/BTCx-Databse/neostore hit=0 miss=8 switches=0 ooe=0
2013-12-28 11:19:04.342+0000 INFO  [o.n.k.i.n.s.StoreFactory]: [Databases/BTCx-Databse/neostore.relationshiptypestore.db.names] brickCount=0 brickSize=0b mappedMem=0b (storeSize=38b)
2013-12-28 11:19:04.342+0000 INFO  [o.n.k.i.n.s.StoreFactory]: [Databases/BTCx-Databse/neostore.relationshiptypestore.db] brickCount=0 brickSize=0b mappedMem=0b (storeSize=0b)
2013-12-28 11:19:04.343+0000 INFO  [o.n.k.i.n.s.StoreFactory]: [Databases/BTCx-Databse/neostore.labeltokenstore.db.names] brickCount=0 brickSize=0b mappedMem=0b (storeSize=38b)
2013-12-28 11:19:04.343+0000 INFO  [o.n.k.i.n.s.StoreFactory]: [Databases/BTCx-Databse/neostore.labeltokenstore.db] brickCount=0 brickSize=0b mappedMem=0b (storeSize=0b)
2013-12-28 11:19:04.343+0000 INFO  [o.n.k.i.n.s.StoreFactory]: [Databases/BTCx-Databse/neostore.propertystore.db.strings] brickCount=0 brickSize=355456b mappedMem=355467264b (storeSize=128b)
2013-12-28 11:19:04.344+0000 INFO  [o.n.k.i.n.s.StoreFactory]: [Databases/BTCx-Databse/neostore.propertystore.db.index.keys] brickCount=0 brickSize=0b mappedMem=0b (storeSize=38b)
2013-12-28 11:19:04.344+0000 INFO  [o.n.k.i.n.s.StoreFactory]: [Databases/BTCx-Databse/neostore.propertystore.db.index] brickCount=0 brickSize=0b mappedMem=0b (storeSize=0b)
2013-12-28 11:19:04.344+0000 INFO  [o.n.k.i.n.s.StoreFactory]: [Databases/BTCx-Databse/neostore.propertystore.db.arrays] brickCount=0 brickSize=403584b mappedMem=403701760b (storeSize=128b)
2013-12-28 11:19:04.345+0000 INFO  [o.n.k.i.n.s.StoreFactory]: [Databases/BTCx-Databse/neostore.propertystore.db] brickCount=0 brickSize=4183804b mappedMem=418381824b (storeSize=0b)
2013-12-28 11:19:04.345+0000 INFO  [o.n.k.i.n.s.StoreFactory]: [Databases/BTCx-Databse/neostore.relationshipstore.db] brickCount=0 brickSize=5127507b mappedMem=512753664b (storeSize=0b)
2013-12-28 11:19:04.345+0000 INFO  [o.n.k.i.n.s.StoreFactory]: [Databases/BTCx-Databse/neostore.nodestore.db.labels] brickCount=0 brickSize=0b mappedMem=0b (storeSize=68b)
2013-12-28 11:19:04.346+0000 INFO  [o.n.k.i.n.s.StoreFactory]: [Databases/BTCx-Databse/neostore.nodestore.db] brickCount=0 brickSize=1153432b mappedMem=115343360b (storeSize=0b)
2013-12-28 11:19:04.346+0000 INFO  [o.n.k.i.n.s.StoreFactory]: [Databases/BTCx-Databse/neostore.schemastore.db] brickCount=0 brickSize=0b mappedMem=0b (storeSize=64b)
2013-12-28 11:19:04.346+0000 INFO  [o.n.k.i.n.s.StoreFactory]: [Databases/BTCx-Databse/neostore] brickCount=0 brickSize=0b mappedMem=0b (storeSize=63b)
2013-12-28 11:19:04.496+0000 INFO  [o.n.k.a.i.i.LuceneLabelScanStore]: No lucene scan store index found, this might just be first use. Preparing to rebuild.
2013-12-28 11:19:04.576+0000 INFO  [o.n.k.a.i.i.LuceneLabelScanStore]: No lucene scan store index found, this might just be first use. Preparing to rebuild.
2013-12-28 11:19:04.889+0000 INFO  [o.n.k.i.t.x.XaLogicalLog]: Opened logical log [Databases/BTCx-Databse/nioneo_logical.log.1] version=0, lastTxId=1 (clean)
2013-12-28 11:19:04.939+0000 INFO  [o.n.k.a.i.i.LuceneLabelScanStore]: Rebuilding lucene scan store, this may take a while
2013-12-28 11:19:04.940+0000 INFO  [o.n.k.a.i.i.LuceneLabelScanStore]: Lucene scan store rebuilt (roughly -1 nodes)
2013-12-28 11:19:04.947+0000 INFO  [o.n.k.i.t.TxManager]: TM new log: tm_tx_log.1
2013-12-28 11:19:05.001+0000 INFO  [o.n.k.i.t.x.XaLogicalLog]: Opened logical log [Databases/BTCx-Databse/index/lucene.log.1] version=0, lastTxId=1 (clean)
2013-12-28 11:19:05.013+0000 INFO  [o.n.k.i.DiagnosticsManager]: --- STARTED diagnostics for KernelDiagnostics:Versions START ---
2013-12-28 11:19:05.013+0000 INFO  [o.n.k.i.DiagnosticsManager]: Graph Database: org.neo4j.kernel.EmbeddedGraphDatabase StoreId[time:1388229543951, id:-780365701034550274, store version: 13843131341501958]
2013-12-28 11:19:05.013+0000 INFO  [o.n.k.i.DiagnosticsManager]: Kernel version: Neo4j - Graph Database Kernel (neo4j-kernel), version: 2.0.0
2013-12-28 11:19:05.013+0000 INFO  [o.n.k.i.DiagnosticsManager]: Neo4j component versions:
2013-12-28 11:19:05.022+0000 INFO  [o.n.k.i.DiagnosticsManager]:   Neo4j - Lucene Index (neo4j-lucene-index), version: 2.0.0; revision: 2.0.0:master:601/5cfc38672446b92062b3bc209d584591968f1a0f
2013-12-28 11:19:05.022+0000 INFO  [o.n.k.i.DiagnosticsManager]:   Neo4j - JMX support (neo4j-jmx), version: 2.0.0; revision: 2.0.0:master:601/5cfc38672446b92062b3bc209d584591968f1a0f
2013-12-28 11:19:05.022+0000 INFO  [o.n.k.i.DiagnosticsManager]:   Neo4j - Graph Matching (neo4j-graph-matching), version: 2.0.0; revision: 2.0.0:master:601/5cfc38672446b92062b3bc209d584591968f1a0f
2013-12-28 11:19:05.022+0000 INFO  [o.n.k.i.DiagnosticsManager]:   Neo4j Server API (server-api), version: 2.0.0; revision: 2.0.0:master:601/5cfc38672446b92062b3bc209d584591968f1a0f
2013-12-28 11:19:05.022+0000 INFO  [o.n.k.i.DiagnosticsManager]:   Neo4j - Graph Database Kernel (neo4j-kernel), version: 2.0.0; revision: 2.0.0:master:601/5cfc38672446b92062b3bc209d584591968f1a0f
2013-12-28 11:19:05.022+0000 INFO  [o.n.k.i.DiagnosticsManager]:   Neo4j - Cypher (neo4j-cypher), version: 2.0.0; revision: 2.0.0:master:601/5cfc38672446b92062b3bc209d584591968f1a0f
2013-12-28 11:19:05.022+0000 INFO  [o.n.k.i.DiagnosticsManager]:   Neo4j Server (neo4j-server), version: 2.0.0; revision: 2.0.0:master:601/5cfc38672446b92062b3bc209d584591968f1a0f
2013-12-28 11:19:05.022+0000 INFO  [o.n.k.i.DiagnosticsManager]:   Neo4j - Graph Algorithms (neo4j-graph-algo), version: 2.0.0; revision: 2.0.0:master:601/5cfc38672446b92062b3bc209d584591968f1a0f
2013-12-28 11:19:05.022+0000 INFO  [o.n.k.i.DiagnosticsManager]:   Neo4j - Cypher Compiler 2.0 (neo4j-cypher-compiler-2.0), version: 2.0.0; revision: 2.0.0:master:601/5cfc38672446b92062b3bc209d584591968f1a0f
2013-12-28 11:19:05.022+0000 INFO  [o.n.k.i.DiagnosticsManager]:   Neo4j - Generic shell (neo4j-shell), version: 2.0.0; revision: 2.0.0:master:601/5cfc38672446b92062b3bc209d584591968f1a0f
2013-12-28 11:19:05.022+0000 INFO  [o.n.k.i.DiagnosticsManager]:   Neo4j - Cypher Compiler 1.9 (neo4j-cypher-compiler-1.9), version: 2.0.0; revision: 2.0.0:master:601/5cfc38672446b92062b3bc209d584591968f1a0f
2013-12-28 11:19:05.022+0000 INFO  [o.n.k.i.DiagnosticsManager]:   neo4j-udc, version: 2.0.0; revision: 2.0.0:master:601/5cfc38672446b92062b3bc209d584591968f1a0f
2013-12-28 11:19:05.022+0000 INFO  [o.n.k.i.DiagnosticsManager]:   Neo4j - Cypher Commons (neo4j-cypher-commons), version: 2.0.0; revision: 2.0.0:master:601/5cfc38672446b92062b3bc209d584591968f1a0f
2013-12-28 11:19:05.023+0000 INFO  [o.n.k.i.DiagnosticsManager]: --- STARTED diagnostics for KernelDiagnostics:Versions END ---
2013-12-28 11:19:05.025+0000 INFO  [o.n.k.i.DiagnosticsManager]: --- STARTED diagnostics for NEO_STORE_VERSIONS START ---
2013-12-28 11:19:05.025+0000 INFO  [o.n.k.i.DiagnosticsManager]: Store versions:
2013-12-28 11:19:05.025+0000 INFO  [o.n.k.i.DiagnosticsManager]: Store versions:
2013-12-28 11:19:05.026+0000 INFO  [o.n.k.i.DiagnosticsManager]:   NeoStore v0.A.1
2013-12-28 11:19:05.026+0000 INFO  [o.n.k.i.DiagnosticsManager]:   SchemaStore v0.A.1
2013-12-28 11:19:05.026+0000 INFO  [o.n.k.i.DiagnosticsManager]:   NodeStore v0.A.1
2013-12-28 11:19:05.026+0000 INFO  [o.n.k.i.DiagnosticsManager]:   RelationshipStore v0.A.1
2013-12-28 11:19:05.026+0000 INFO  [o.n.k.i.DiagnosticsManager]:   RelationshipTypeStore v0.A.1
2013-12-28 11:19:05.026+0000 INFO  [o.n.k.i.DiagnosticsManager]:   LabelTokenStore v0.A.1
2013-12-28 11:19:05.026+0000 INFO  [o.n.k.i.DiagnosticsManager]:   PropertyStore v0.A.1
2013-12-28 11:19:05.026+0000 INFO  [o.n.k.i.DiagnosticsManager]:   PropertyIndexStore v0.A.1
2013-12-28 11:19:05.026+0000 INFO  [o.n.k.i.DiagnosticsManager]:   StringPropertyStore v0.A.1
2013-12-28 11:19:05.026+0000 INFO  [o.n.k.i.DiagnosticsManager]:   ArrayPropertyStore v0.A.1
2013-12-28 11:19:05.026+0000 INFO  [o.n.k.i.DiagnosticsManager]: --- STARTED diagnostics for NEO_STORE_VERSIONS END ---
2013-12-28 11:19:05.026+0000 INFO  [o.n.k.i.DiagnosticsManager]: --- STARTED diagnostics for NEO_STORE_ID_USAGE START ---
2013-12-28 11:19:05.026+0000 INFO  [o.n.k.i.DiagnosticsManager]: Id usage:
2013-12-28 11:19:05.026+0000 INFO  [o.n.k.i.DiagnosticsManager]: Id usage:
2013-12-28 11:19:05.026+0000 INFO  [o.n.k.i.DiagnosticsManager]:   SchemaStore: used=1 high=0
2013-12-28 11:19:05.026+0000 INFO  [o.n.k.i.DiagnosticsManager]:   NodeStore: used=0 high=-1
2013-12-28 11:19:05.026+0000 INFO  [o.n.k.i.DiagnosticsManager]:   RelationshipStore: used=0 high=-1
2013-12-28 11:19:05.027+0000 INFO  [o.n.k.i.DiagnosticsManager]:   RelationshipTypeStore: used=0 high=-1
2013-12-28 11:19:05.027+0000 INFO  [o.n.k.i.DiagnosticsManager]:   LabelTokenStore: used=0 high=-1
2013-12-28 11:19:05.027+0000 INFO  [o.n.k.i.DiagnosticsManager]:   PropertyStore: used=0 high=-1
2013-12-28 11:19:05.027+0000 INFO  [o.n.k.i.DiagnosticsManager]:   PropertyIndexStore: used=0 high=-1
2013-12-28 11:19:05.027+0000 INFO  [o.n.k.i.DiagnosticsManager]:   StringPropertyStore: used=1 high=0
2013-12-28 11:19:05.027+0000 INFO  [o.n.k.i.DiagnosticsManager]:   ArrayPropertyStore: used=1 high=0
2013-12-28 11:19:05.027+0000 INFO  [o.n.k.i.DiagnosticsManager]: --- STARTED diagnostics for NEO_STORE_ID_USAGE END ---
2013-12-28 11:19:05.027+0000 INFO  [o.n.k.i.DiagnosticsManager]: --- STARTED diagnostics for PERSISTENCE_WINDOW_POOL_STATS START ---
2013-12-28 11:19:05.027+0000 INFO  [o.n.k.i.DiagnosticsManager]: --- STARTED diagnostics for PERSISTENCE_WINDOW_POOL_STATS END ---
2013-12-28 11:19:05.028+0000 INFO  [o.n.k.i.DiagnosticsManager]: --- STARTED diagnostics for KernelDiagnostics:StoreFiles START ---
2013-12-28 11:19:05.028+0000 INFO  [o.n.k.i.DiagnosticsManager]: Disk space on partition (Total / Free / Free %): 233484410880 / 45454405632 / 19
Storage files: (filename : modification date - size)
2013-12-28 11:19:05.028+0000 INFO  [o.n.k.i.DiagnosticsManager]:   active_tx_log: 2013-12-28T12:19:04+0100 - 11.00 B
2013-12-28 11:19:05.029+0000 INFO  [o.n.k.i.DiagnosticsManager]:   index:
2013-12-28 11:19:05.029+0000 INFO  [o.n.k.i.DiagnosticsManager]:     lucene-store.db: 2013-12-28T12:19:04+0100 - 40.00 B
2013-12-28 11:19:05.029+0000 INFO  [o.n.k.i.DiagnosticsManager]:     lucene.log.1: 2013-12-28T12:19:05+0100 - 16.00 B
2013-12-28 11:19:05.029+0000 INFO  [o.n.k.i.DiagnosticsManager]:     lucene.log.active: 2013-12-28T12:19:05+0100 - 4.00 B
2013-12-28 11:19:05.029+0000 INFO  [o.n.k.i.DiagnosticsManager]:   - Total: 2013-12-28T12:19:05+0100 - 60.00 B
2013-12-28 11:19:05.030+0000 INFO  [o.n.k.i.DiagnosticsManager]:   lock: 2013-12-28T12:19:04+0100 - 0.00 B
2013-12-28 11:19:05.030+0000 INFO  [o.n.k.i.DiagnosticsManager]:   messages.log: 2013-12-28T12:19:05+0100 - 72.46 kB
2013-12-28 11:19:05.030+0000 INFO  [o.n.k.i.DiagnosticsManager]:   neostore: 2013-12-28T12:19:04+0100 - 63.00 B
2013-12-28 11:19:05.030+0000 INFO  [o.n.k.i.DiagnosticsManager]:   neostore.id: 2013-12-28T12:19:04+0100 - 9.00 B
2013-12-28 11:19:05.031+0000 INFO  [o.n.k.i.DiagnosticsManager]:   neostore.labeltokenstore.db: 2013-12-28T12:19:04+0100 - 0.00 B
2013-12-28 11:19:05.031+0000 INFO  [o.n.k.i.DiagnosticsManager]:   neostore.labeltokenstore.db.id: 2013-12-28T12:19:04+0100 - 9.00 B
2013-12-28 11:19:05.031+0000 INFO  [o.n.k.i.DiagnosticsManager]:   neostore.labeltokenstore.db.names: 2013-12-28T12:19:04+0100 - 38.00 B
2013-12-28 11:19:05.031+0000 INFO  [o.n.k.i.DiagnosticsManager]:   neostore.labeltokenstore.db.names.id: 2013-12-28T12:19:04+0100 - 9.00 B
2013-12-28 11:19:05.032+0000 INFO  [o.n.k.i.DiagnosticsManager]:   neostore.nodestore.db: 2013-12-28T12:19:04+0100 - 0.00 B
2013-12-28 11:19:05.032+0000 INFO  [o.n.k.i.DiagnosticsManager]:   neostore.nodestore.db.id: 2013-12-28T12:19:04+0100 - 9.00 B
2013-12-28 11:19:05.032+0000 INFO  [o.n.k.i.DiagnosticsManager]:   neostore.nodestore.db.labels: 2013-12-28T12:19:04+0100 - 68.00 B
2013-12-28 11:19:05.032+0000 INFO  [o.n.k.i.DiagnosticsManager]:   neostore.nodestore.db.labels.id: 2013-12-28T12:19:04+0100 - 9.00 B
2013-12-28 11:19:05.032+0000 INFO  [o.n.k.i.DiagnosticsManager]:   neostore.propertystore.db: 2013-12-28T12:19:04+0100 - 0.00 B
2013-12-28 11:19:05.033+0000 INFO  [o.n.k.i.DiagnosticsManager]:   neostore.propertystore.db.arrays: 2013-12-28T12:19:04+0100 - 128.00 B
2013-12-28 11:19:05.033+0000 INFO  [o.n.k.i.DiagnosticsManager]:   neostore.propertystore.db.arrays.id: 2013-12-28T12:19:04+0100 - 9.00 B
2013-12-28 11:19:05.033+0000 INFO  [o.n.k.i.DiagnosticsManager]:   neostore.propertystore.db.id: 2013-12-28T12:19:04+0100 - 9.00 B
2013-12-28 11:19:05.034+0000 INFO  [o.n.k.i.DiagnosticsManager]:   neostore.propertystore.db.index: 2013-12-28T12:19:04+0100 - 0.00 B
2013-12-28 11:19:05.034+0000 INFO  [o.n.k.i.DiagnosticsManager]:   neostore.propertystore.db.index.id: 2013-12-28T12:19:04+0100 - 9.00 B
2013-12-28 11:19:05.034+0000 INFO  [o.n.k.i.DiagnosticsManager]:   neostore.propertystore.db.index.keys: 2013-12-28T12:19:04+0100 - 38.00 B
2013-12-28 11:19:05.035+0000 INFO  [o.n.k.i.DiagnosticsManager]:   neostore.propertystore.db.index.keys.id: 2013-12-28T12:19:04+0100 - 9.00 B
2013-12-28 11:19:05.035+0000 INFO  [o.n.k.i.DiagnosticsManager]:   neostore.propertystore.db.strings: 2013-12-28T12:19:04+0100 - 128.00 B
2013-12-28 11:19:05.036+0000 INFO  [o.n.k.i.DiagnosticsManager]:   neostore.propertystore.db.strings.id: 2013-12-28T12:19:04+0100 - 9.00 B
2013-12-28 11:19:05.036+0000 INFO  [o.n.k.i.DiagnosticsManager]:   neostore.relationshipstore.db: 2013-12-28T12:19:04+0100 - 0.00 B
2013-12-28 11:19:05.036+0000 INFO  [o.n.k.i.DiagnosticsManager]:   neostore.relationshipstore.db.id: 2013-12-28T12:19:04+0100 - 9.00 B
2013-12-28 11:19:05.037+0000 INFO  [o.n.k.i.DiagnosticsManager]:   neostore.relationshiptypestore.db: 2013-12-28T12:19:04+0100 - 0.00 B
2013-12-28 11:19:05.037+0000 INFO  [o.n.k.i.DiagnosticsManager]:   neostore.relationshiptypestore.db.id: 2013-12-28T12:19:04+0100 - 9.00 B
2013-12-28 11:19:05.038+0000 INFO  [o.n.k.i.DiagnosticsManager]:   neostore.relationshiptypestore.db.names: 2013-12-28T12:19:04+0100 - 38.00 B
2013-12-28 11:19:05.038+0000 INFO  [o.n.k.i.DiagnosticsManager]:   neostore.relationshiptypestore.db.names.id: 2013-12-28T12:19:04+0100 - 9.00 B
2013-12-28 11:19:05.038+0000 INFO  [o.n.k.i.DiagnosticsManager]:   neostore.schemastore.db: 2013-12-28T12:19:04+0100 - 64.00 B
2013-12-28 11:19:05.038+0000 INFO  [o.n.k.i.DiagnosticsManager]:   neostore.schemastore.db.id: 2013-12-28T12:19:04+0100 - 9.00 B
2013-12-28 11:19:05.039+0000 INFO  [o.n.k.i.DiagnosticsManager]:   nioneo_logical.log.1: 2013-12-28T12:19:05+0100 - 16.00 B
2013-12-28 11:19:05.039+0000 INFO  [o.n.k.i.DiagnosticsManager]:   nioneo_logical.log.active: 2013-12-28T12:19:04+0100 - 4.00 B
2013-12-28 11:19:05.039+0000 INFO  [o.n.k.i.DiagnosticsManager]:   schema:
2013-12-28 11:19:05.039+0000 INFO  [o.n.k.i.DiagnosticsManager]:     label:
2013-12-28 11:19:05.039+0000 INFO  [o.n.k.i.DiagnosticsManager]:       lucene:
2013-12-28 11:19:05.039+0000 INFO  [o.n.k.i.DiagnosticsManager]:         write.lock: 2013-12-28T12:19:04+0100 - 0.00 B
2013-12-28 11:19:05.040+0000 INFO  [o.n.k.i.DiagnosticsManager]:       - Total: 2013-12-28T12:19:04+0100 - 0.00 B
2013-12-28 11:19:05.040+0000 INFO  [o.n.k.i.DiagnosticsManager]:     - Total: 2013-12-28T12:19:04+0100 - 0.00 B
2013-12-28 11:19:05.040+0000 INFO  [o.n.k.i.DiagnosticsManager]:   - Total: 2013-12-28T12:19:04+0100 - 0.00 B
2013-12-28 11:19:05.040+0000 INFO  [o.n.k.i.DiagnosticsManager]:   store_lock: 2013-12-28T12:19:03+0100 - 0.00 B
2013-12-28 11:19:05.040+0000 INFO  [o.n.k.i.DiagnosticsManager]:   tm_tx_log.1: 2013-12-28T12:19:04+0100 - 0.00 B
2013-12-28 11:19:05.040+0000 INFO  [o.n.k.i.DiagnosticsManager]: --- STARTED diagnostics for KernelDiagnostics:StoreFiles END ---
2013-12-28 11:19:05.149+0000 INFO  [o.n.k.EmbeddedGraphDatabase]: GC Monitor started. 
2013-12-28 11:19:05.150+0000 INFO  [o.n.k.EmbeddedGraphDatabase]: Database is now ready
2013-12-28 12:09:18.846+0000 INFO  [o.n.k.EmbeddedGraphDatabase]: Shutdown started
2013-12-28 12:09:18.897+0000 INFO  [o.n.k.EmbeddedGraphDatabase]: Database is now unavailable
2013-12-28 12:09:38.897+0000 INFO  [o.n.k.EmbeddedGraphDatabase]: GC Monitor stopped. 
2013-12-28 12:09:38.975+0000 INFO  [o.n.k.i.t.x.XaLogicalLog]: Closed log Databases/BTCx-Databse/index/lucene.log
2013-12-28 12:09:38.976+0000 INFO  [o.n.k.i.t.TxManager]: TM shutting down
2013-12-28 12:09:39.057+0000 INFO  [o.n.k.i.t.x.XaLogicalLog]: Closed log Databases/BTCx-Databse/nioneo_logical.log
2013-12-28 12:09:39.058+0000 INFO  [o.n.k.i.n.s.StoreFactory]: Databases/BTCx-Databse/neostore.relationshiptypestore.db.names hit=0 miss=0 switches=0 ooe=0
2013-12-28 12:09:39.087+0000 INFO  [o.n.k.i.n.s.StoreFactory]: Databases/BTCx-Databse/neostore.relationshiptypestore.db hit=0 miss=0 switches=0 ooe=0
2013-12-28 12:09:39.089+0000 INFO  [o.n.k.i.n.s.StoreFactory]: Databases/BTCx-Databse/neostore.labeltokenstore.db.names hit=0 miss=0 switches=0 ooe=0
2013-12-28 12:09:39.091+0000 INFO  [o.n.k.i.n.s.StoreFactory]: Databases/BTCx-Databse/neostore.labeltokenstore.db hit=0 miss=0 switches=0 ooe=0
2013-12-28 12:09:39.092+0000 INFO  [o.n.k.i.n.s.StoreFactory]: Databases/BTCx-Databse/neostore.propertystore.db.strings hit=0 miss=0 switches=0 ooe=0
2013-12-28 12:09:39.122+0000 INFO  [o.n.k.i.n.s.StoreFactory]: Databases/BTCx-Databse/neostore.propertystore.db.index.keys hit=0 miss=0 switches=0 ooe=0
2013-12-28 12:09:39.123+0000 INFO  [o.n.k.i.n.s.StoreFactory]: Databases/BTCx-Databse/neostore.propertystore.db.index hit=0 miss=0 switches=0 ooe=0
2013-12-28 12:09:39.124+0000 INFO  [o.n.k.i.n.s.StoreFactory]: Databases/BTCx-Databse/neostore.propertystore.db.arrays hit=0 miss=0 switches=0 ooe=0
2013-12-28 12:09:39.125+0000 INFO  [o.n.k.i.n.s.StoreFactory]: Databases/BTCx-Databse/neostore.propertystore.db hit=0 miss=0 switches=0 ooe=0
2013-12-28 12:09:39.126+0000 INFO  [o.n.k.i.n.s.StoreFactory]: Databases/BTCx-Databse/neostore.relationshipstore.db hit=0 miss=0 switches=0 ooe=0
2013-12-28 12:09:39.127+0000 INFO  [o.n.k.i.n.s.StoreFactory]: Databases/BTCx-Databse/neostore.nodestore.db.labels hit=0 miss=0 switches=0 ooe=0
2013-12-28 12:09:39.129+0000 INFO  [o.n.k.i.n.s.StoreFactory]: Databases/BTCx-Databse/neostore.nodestore.db hit=0 miss=0 switches=0 ooe=0
2013-12-28 12:09:39.129+0000 INFO  [o.n.k.i.n.s.StoreFactory]: Databases/BTCx-Databse/neostore.schemastore.db hit=0 miss=0 switches=0 ooe=0
2013-12-28 12:09:39.130+0000 INFO  [o.n.k.i.n.s.StoreFactory]: Databases/BTCx-Databse/neostore hit=0 miss=16 switches=0 ooe=0
2013-12-28 12:09:39.131+0000 INFO  [o.n.k.i.n.x.NeoStoreXaDataSource]: NeoStore closed
2013-12-28 12:09:39.132+0000 INFO  [o.n.k.i.DiagnosticsManager]: --- STOPPING diagnostics START ---
2013-12-28 12:09:39.132+0000 INFO  [o.n.k.i.DiagnosticsManager]: --- STOPPING diagnostics END ---
